EPANET version 20200 loaded (EPyT version v1.2.1 - Last Update: 09/01/2024).
Input File network.inp loaded successfully.

[ Succesfully loaded model from epanet/files/network.inp ]

Initial solution: [0.05 0.05 0.05 5.   0.05 0.05 5.   5.   0.05 5.   0.05 0.05 0.05 0.05
 5.   0.05 0.05 0.05 5.   5.   0.05 5.   0.05 0.05 0.05 5.   0.05 0.05
 5.   0.05 0.05 5.   5.   5.   5.   5.   5.   5.   5.   5.   0.05 0.05
 0.05 0.05 0.05 5.   5.   5.   0.05 0.05 5.   5.   5.   5.   5.   5.
 5.   5.   5.   5.   5.   5.   0.05 0.05 0.05 0.05 0.05 5.   0.05 0.05
 0.05 0.05 5.   5.   0.05 0.05 0.05 5.   5.   5.   5.   5.   0.05 0.05
 0.05 0.05 0.05 5.   5.   5.   5.   5.   5.   5.   5.   5.   0.05 0.05
 0.05 0.05 0.05 0.05 0.05 0.05 0.05 5.   5.   5.   5.   5.   0.05 0.05
 0.05 5.   0.05 0.05 0.05 0.05 0.5  0.05 0.05 0.05 0.05 0.05 0.05 5.
 5.   0.05 0.05 0.05 0.05 0.05 0.05 0.05 0.05 0.05 0.05 0.05 0.05 0.05
 0.05 5.   0.05 0.05 5.  ]

[ Succesfully loaded data from epanet/files/P.txt ]
True
[ Optimization started (no_sharks=96, steps=10000)]
EPANET version 20200 loaded (EPyT version v1.2.1 - Last Update: 09/01/2024).
Input File network.inp loaded successfully.

EPANET version 20200 loaded (EPyT version v1.2.1 - Last Update: 09/01/2024).
Input File network.inp loaded successfully.

EPANET version 20200 loaded (EPyT version v1.2.1 - Last Update: 09/01/2024).
Input File network.inp loaded successfully.

EPANET version 20200 loaded (EPyT version v1.2.1 - Last Update: 09/01/2024).
Input File network.inp loaded successfully.

EPANET version 20200 loaded (EPyT version v1.2.1 - Last Update: 09/01/2024).
Input File network.inp loaded successfully.

EPANET version 20200 loaded (EPyT version v1.2.1 - Last Update: 09/01/2024).
Input File network.inp loaded successfully.

EPANET version 20200 loaded (EPyT version v1.2.1 - Last Update: 09/01/2024).
Input File network.inp loaded successfully.

EPANET version 20200 loaded (EPyT version v1.2.1 - Last Update: 09/01/2024).
Input File network.inp loaded successfully.

EPANET version 20200 loaded (EPyT version v1.2.1 - Last Update: 09/01/2024).
Input File network.inp loaded successfully.

EPANET version 20200 loaded (EPyT version v1.2.1 - Last Update: 09/01/2024).
Input File network.inp loaded successfully.

EPANET version 20200 loaded (EPyT version v1.2.1 - Last Update: 09/01/2024).
Input File network.inp loaded successfully.

EPANET version 20200 loaded (EPyT version v1.2.1 - Last Update: 09/01/2024).
Input File network.inp loaded successfully.

EPANET version 20200 loaded (EPyT version v1.2.1 - Last Update: 09/01/2024).
Input File network.inp loaded successfully.

EPANET version 20200 loaded (EPyT version v1.2.1 - Last Update: 09/01/2024).
Input File network.inp loaded successfully.

EPANET version 20200 loaded (EPyT version v1.2.1 - Last Update: 09/01/2024).
Input File network.inp loaded successfully.

EPANET version 20200 loaded (EPyT version v1.2.1 - Last Update: 09/01/2024).
Input File network.inp loaded successfully.

EPANET version 20200 loaded (EPyT version v1.2.1 - Last Update: 09/01/2024).
Input File network.inp loaded successfully.

EPANET version 20200 loaded (EPyT version v1.2.1 - Last Update: 09/01/2024).
Input File network.inp loaded successfully.

EPANET version 20200 loaded (EPyT version v1.2.1 - Last Update: 09/01/2024).
Input File network.inp loaded successfully.

EPANET version 20200 loaded (EPyT version v1.2.1 - Last Update: 09/01/2024).
Input File network.inp loaded successfully.

EPANET version 20200 loaded (EPyT version v1.2.1 - Last Update: 09/01/2024).
Input File network.inp loaded successfully.

EPANET version 20200 loaded (EPyT version v1.2.1 - Last Update: 09/01/2024).
Input File network.inp loaded successfully.

EPANET version 20200 loaded (EPyT version v1.2.1 - Last Update: 09/01/2024).
Input File network.inp loaded successfully.

EPANET version 20200 loaded (EPyT version v1.2.1 - Last Update: 09/01/2024).
Input File network.inp loaded successfully.

EPANET version 20200 loaded (EPyT version v1.2.1 - Last Update: 09/01/2024).
Input File network.inp loaded successfully.

EPANET version 20200 loaded (EPyT version v1.2.1 - Last Update: 09/01/2024).
Input File network.inp loaded successfully.

EPANET version 20200 loaded (EPyT version v1.2.1 - Last Update: 09/01/2024).
Input File network.inp loaded successfully.

EPANET version 20200 loaded (EPyT version v1.2.1 - Last Update: 09/01/2024).
Input File network.inp loaded successfully.

EPANET version 20200 loaded (EPyT version v1.2.1 - Last Update: 09/01/2024).
Input File network.inp loaded successfully.

EPANET version 20200 loaded (EPyT version v1.2.1 - Last Update: 09/01/2024).
Input File network.inp loaded successfully.

EPANET version 20200 loaded (EPyT version v1.2.1 - Last Update: 09/01/2024).
Input File network.inp loaded successfully.

EPANET version 20200 loaded (EPyT version v1.2.1 - Last Update: 09/01/2024).
Input File network.inp loaded successfully.

first loop finished: first loop time 3.8562734127044678 s

Progress: 1% | Best fitness: 0.02747954

Progress: 2% | Best fitness: 0.02747806

Progress: 3% | Best fitness: 0.02747547

Progress: 4% | Best fitness: 0.02747537

Progress: 5% | Best fitness: 0.02747537

Progress: 6% | Best fitness: 0.02747516

Progress: 7% | Best fitness: 0.02747516

Progress: 8% | Best fitness: 0.02747377

Progress: 9% | Best fitness: 0.02747249

Progress: 10% | Best fitness: 0.02747159

Progress: 11% | Best fitness: 0.02746883

Progress: 12% | Best fitness: 0.02746407

Progress: 13% | Best fitness: 0.02746359

Progress: 14% | Best fitness: 0.02746263

Progress: 15% | Best fitness: 0.02746263

Progress: 16% | Best fitness: 0.02746219

Progress: 17% | Best fitness: 0.02746216

Progress: 18% | Best fitness: 0.02746186

Progress: 19% | Best fitness: 0.02745888

Progress: 20% | Best fitness: 0.02745664

Progress: 21% | Best fitness: 0.02744808

Progress: 22% | Best fitness: 0.02744447

Progress: 23% | Best fitness: 0.02743521

Progress: 24% | Best fitness: 0.02743359

Progress: 25% | Best fitness: 0.02742997

Progress: 26% | Best fitness: 0.02742109

Progress: 27% | Best fitness: 0.02741337

Progress: 28% | Best fitness: 0.02739585

Progress: 28% | Best fitness: 0.02739291

Progress: 30% | Best fitness: 0.02738869

Progress: 31% | Best fitness: 0.02737982

Progress: 32% | Best fitness: 0.02734898

Progress: 33% | Best fitness: 0.02734818

Progress: 34% | Best fitness: 0.02734818

Progress: 35% | Best fitness: 0.02734818

Progress: 36% | Best fitness: 0.02734818

Progress: 37% | Best fitness: 0.02734794

Progress: 38% | Best fitness: 0.02734794

Progress: 39% | Best fitness: 0.02734794

Progress: 40% | Best fitness: 0.02734794

Progress: 41% | Best fitness: 0.02734794

Progress: 42% | Best fitness: 0.02734794

Progress: 43% | Best fitness: 0.02734794

Progress: 44% | Best fitness: 0.02734794

Progress: 45% | Best fitness: 0.02734794

Progress: 46% | Best fitness: 0.02734794

Progress: 47% | Best fitness: 0.02734794

Progress: 48% | Best fitness: 0.02734794

Progress: 49% | Best fitness: 0.02734794

Progress: 50% | Best fitness: 0.02734794

Progress: 51% | Best fitness: 0.02734794

Progress: 52% | Best fitness: 0.02734794

Progress: 53% | Best fitness: 0.02734794

Progress: 54% | Best fitness: 0.02734794

Progress: 55% | Best fitness: 0.02734794

Progress: 56% | Best fitness: 0.02734794

Progress: 56% | Best fitness: 0.02734794

Progress: 57% | Best fitness: 0.02734794

Progress: 59% | Best fitness: 0.02734794

Progress: 60% | Best fitness: 0.02734794

Progress: 61% | Best fitness: 0.02734794

Progress: 62% | Best fitness: 0.02734794

Progress: 63% | Best fitness: 0.02734794

Progress: 64% | Best fitness: 0.02734794

Progress: 65% | Best fitness: 0.02734794

Progress: 66% | Best fitness: 0.02734794

Progress: 67% | Best fitness: 0.02734794

Progress: 68% | Best fitness: 0.02734794

Progress: 69% | Best fitness: 0.02734794

Progress: 70% | Best fitness: 0.02734794

Progress: 71% | Best fitness: 0.02734794

Progress: 72% | Best fitness: 0.02734794

Progress: 73% | Best fitness: 0.02734794

Progress: 74% | Best fitness: 0.02734794

Progress: 75% | Best fitness: 0.02734794

Progress: 76% | Best fitness: 0.02734794

Progress: 77% | Best fitness: 0.02734794

Progress: 78% | Best fitness: 0.02734794

Progress: 79% | Best fitness: 0.02734794

Progress: 80% | Best fitness: 0.02734794

Progress: 81% | Best fitness: 0.02734794

Progress: 82% | Best fitness: 0.02734794

Progress: 83% | Best fitness: 0.02734781

Progress: 84% | Best fitness: 0.02734781

Progress: 85% | Best fitness: 0.02734781

Progress: 86% | Best fitness: 0.02734781

Progress: 87% | Best fitness: 0.02734781

Progress: 88% | Best fitness: 0.02734781

Progress: 89% | Best fitness: 0.02734777

Progress: 90% | Best fitness: 0.02734777

Progress: 91% | Best fitness: 0.02734777

Progress: 92% | Best fitness: 0.02734777

Progress: 93% | Best fitness: 0.02734777

Progress: 94% | Best fitness: 0.02734777

Progress: 95% | Best fitness: 0.02734777

Progress: 96% | Best fitness: 0.02734777

Progress: 97% | Best fitness: 0.02734777

Progress: 98% | Best fitness: 0.02734777

Progress: 99% | Best fitness: 0.02734777

Progress: 100% | Best fitness: 0.02734777
finished: optimizer time 38026.69308781624 s
[ Optimization finished ]

Optimal fitness: 0.0273477690187232
Optimal solution: ['4.769', '0.025', '4.262', '5.873', '4.615', '4.211', '1.391', '2.179', '3.963', '2.134', '7.663', '7.409', '4.688', '5.895', '7.371', '3.564', '3.045', '0.600', '7.581', '7.095', '5.762', '3.987', '7.390', '7.831', '3.129', '5.439', '8.550', '5.598', '4.272', '2.660', '6.480', '5.984', '2.361', '4.071', '5.326', '6.403', '3.641', '5.696', '9.249', '6.652', '6.800', '0.465', '1.554', '2.445', '5.178', '4.711', '1.298', '2.770', '2.989', '2.062', '8.516', '3.791', '2.016', '8.350', '3.583', '7.509', '3.957', '1.979', '3.709', '5.869', '2.899', '3.202', '1.921', '2.351', '1.475', '1.472', '6.096', '1.097', '1.774', '3.587', '4.516', '2.697', '3.344', '1.986', '8.835', '2.459', '3.990', '7.768', '1.935', '5.416', '3.156', '6.632', '7.216', '2.225', '6.974', '5.230', '8.611', '5.153', '4.902', '2.525', '6.642', '6.925', '6.510', '8.353', '4.404', '4.634', '1.080', '8.577', '8.301', '1.720', '7.297', '6.050', '2.285', '8.095', '4.165', '6.135', '2.596', '7.664', '7.658', '6.455', '8.447', '0.682', '7.416', '2.394', '3.036', '1.607', '2.868', '6.672', '6.326', '7.971', '4.931', '3.438', '5.555', '6.516', '8.541', '6.194', '3.195', '5.059', '1.128', '1.911', '1.634', '5.065', '5.733', '3.765', '2.685', '8.151', '3.371', '7.402', '5.987', '5.169', '3.741', '8.691', '6.026', '2.499', '3.273']

Close toolkit for the input file "network". EPANET Toolkit is unloaded.

