EPANET version 20200 loaded (EPyT version v1.2.1 - Last Update: 09/01/2024).
Input File network.inp loaded successfully.

[ Succesfully loaded model from epanet/files/network.inp ]

Initial solution: [0.05 0.05 0.05 5.   0.05 0.05 5.   5.   0.05 5.   0.05 0.05 0.05 0.05
 5.   0.05 0.05 0.05 5.   5.   0.05 5.   0.05 0.05 0.05 5.   0.05 0.05
 5.   0.05 0.05 5.   5.   5.   5.   5.   5.   5.   5.   5.   0.05 0.05
 0.05 0.05 0.05 5.   5.   5.   0.05 0.05 5.   5.   5.   5.   5.   5.
 5.   5.   5.   5.   5.   5.   0.05 0.05 0.05 0.05 0.05 5.   0.05 0.05
 0.05 0.05 5.   5.   0.05 0.05 0.05 5.   5.   5.   5.   5.   0.05 0.05
 0.05 0.05 0.05 5.   5.   5.   5.   5.   5.   5.   5.   5.   0.05 0.05
 0.05 0.05 0.05 0.05 0.05 0.05 0.05 5.   5.   5.   5.   5.   0.05 0.05
 0.05 5.   0.05 0.05 0.05 0.05 0.5  0.05 0.05 0.05 0.05 0.05 0.05 5.
 5.   0.05 0.05 0.05 0.05 0.05 0.05 0.05 0.05 0.05 0.05 0.05 0.05 0.05
 0.05 5.   0.05 0.05 5.  ]

[ Succesfully loaded data from epanet/files/P.txt ]
True
[ Optimization started (no_sharks=96, steps=100)]
EPANET version 20200 loaded (EPyT version v1.2.1 - Last Update: 09/01/2024).
Input File network.inp loaded successfully.

EPANET version 20200 loaded (EPyT version v1.2.1 - Last Update: 09/01/2024).
Input File network.inp loaded successfully.

EPANET version 20200 loaded (EPyT version v1.2.1 - Last Update: 09/01/2024).
Input File network.inp loaded successfully.

EPANET version 20200 loaded (EPyT version v1.2.1 - Last Update: 09/01/2024).
Input File network.inp loaded successfully.

EPANET version 20200 loaded (EPyT version v1.2.1 - Last Update: 09/01/2024).
Input File network.inp loaded successfully.

EPANET version 20200 loaded (EPyT version v1.2.1 - Last Update: 09/01/2024).
Input File network.inp loaded successfully.

EPANET version 20200 loaded (EPyT version v1.2.1 - Last Update: 09/01/2024).
Input File network.inp loaded successfully.

EPANET version 20200 loaded (EPyT version v1.2.1 - Last Update: 09/01/2024).
Input File network.inp loaded successfully.

EPANET version 20200 loaded (EPyT version v1.2.1 - Last Update: 09/01/2024).
Input File network.inp loaded successfully.

EPANET version 20200 loaded (EPyT version v1.2.1 - Last Update: 09/01/2024).
Input File network.inp loaded successfully.

EPANET version 20200 loaded (EPyT version v1.2.1 - Last Update: 09/01/2024).
Input File network.inp loaded successfully.

EPANET version 20200 loaded (EPyT version v1.2.1 - Last Update: 09/01/2024).
Input File network.inp loaded successfully.

EPANET version 20200 loaded (EPyT version v1.2.1 - Last Update: 09/01/2024).
Input File network.inp loaded successfully.

EPANET version 20200 loaded (EPyT version v1.2.1 - Last Update: 09/01/2024).
Input File network.inp loaded successfully.

EPANET version 20200 loaded (EPyT version v1.2.1 - Last Update: 09/01/2024).
Input File network.inp loaded successfully.

EPANET version 20200 loaded (EPyT version v1.2.1 - Last Update: 09/01/2024).
Input File network.inp loaded successfully.

EPANET version 20200 loaded (EPyT version v1.2.1 - Last Update: 09/01/2024).
Input File network.inp loaded successfully.

EPANET version 20200 loaded (EPyT version v1.2.1 - Last Update: 09/01/2024).
Input File network.inp loaded successfully.

EPANET version 20200 loaded (EPyT version v1.2.1 - Last Update: 09/01/2024).
Input File network.inp loaded successfully.

EPANET version 20200 loaded (EPyT version v1.2.1 - Last Update: 09/01/2024).
Input File network.inp loaded successfully.

EPANET version 20200 loaded (EPyT version v1.2.1 - Last Update: 09/01/2024).
Input File network.inp loaded successfully.

EPANET version 20200 loaded (EPyT version v1.2.1 - Last Update: 09/01/2024).
Input File network.inp loaded successfully.

EPANET version 20200 loaded (EPyT version v1.2.1 - Last Update: 09/01/2024).
Input File network.inp loaded successfully.

EPANET version 20200 loaded (EPyT version v1.2.1 - Last Update: 09/01/2024).
Input File network.inp loaded successfully.

EPANET version 20200 loaded (EPyT version v1.2.1 - Last Update: 09/01/2024).
Input File network.inp loaded successfully.

EPANET version 20200 loaded (EPyT version v1.2.1 - Last Update: 09/01/2024).
Input File network.inp loaded successfully.

EPANET version 20200 loaded (EPyT version v1.2.1 - Last Update: 09/01/2024).
Input File network.inp loaded successfully.

EPANET version 20200 loaded (EPyT version v1.2.1 - Last Update: 09/01/2024).
Input File network.inp loaded successfully.

EPANET version 20200 loaded (EPyT version v1.2.1 - Last Update: 09/01/2024).
Input File network.inp loaded successfully.

EPANET version 20200 loaded (EPyT version v1.2.1 - Last Update: 09/01/2024).
Input File network.inp loaded successfully.

EPANET version 20200 loaded (EPyT version v1.2.1 - Last Update: 09/01/2024).
Input File network.inp loaded successfully.

EPANET version 20200 loaded (EPyT version v1.2.1 - Last Update: 09/01/2024).
Input File network.inp loaded successfully.

first loop finished: first loop time 7.6725640296936035 s

Progress: 1% | Best fitness: 0.02919015

Progress: 2% | Best fitness: 0.02829122

Progress: 3% | Best fitness: 0.02829122

Progress: 4% | Best fitness: 0.02829122

Progress: 5% | Best fitness: 0.02816788

Progress: 6% | Best fitness: 0.02816788

Progress: 7% | Best fitness: 0.02816788

Progress: 8% | Best fitness: 0.02808208

Progress: 9% | Best fitness: 0.02808208

Progress: 10% | Best fitness: 0.02808208

Progress: 11% | Best fitness: 0.02808208

Progress: 12% | Best fitness: 0.02808208

Progress: 13% | Best fitness: 0.02808208

Progress: 14% | Best fitness: 0.02808208

Progress: 15% | Best fitness: 0.02808208

Progress: 16% | Best fitness: 0.02808208

Progress: 17% | Best fitness: 0.02808208

Progress: 18% | Best fitness: 0.02808208

Progress: 19% | Best fitness: 0.02808208

Progress: 20% | Best fitness: 0.02808208

Progress: 21% | Best fitness: 0.02808208

Progress: 22% | Best fitness: 0.02808208

Progress: 23% | Best fitness: 0.02808208

Progress: 24% | Best fitness: 0.02808208

Progress: 25% | Best fitness: 0.02808208

Progress: 26% | Best fitness: 0.02776607

Progress: 27% | Best fitness: 0.02776607

Progress: 28% | Best fitness: 0.02774446

Progress: 28% | Best fitness: 0.02774446

Progress: 30% | Best fitness: 0.02774446

Progress: 31% | Best fitness: 0.02774446

Progress: 32% | Best fitness: 0.02774446

Progress: 33% | Best fitness: 0.02774446

Progress: 34% | Best fitness: 0.02774446

Progress: 35% | Best fitness: 0.02774446

Progress: 36% | Best fitness: 0.02774446

Progress: 37% | Best fitness: 0.02774446

Progress: 38% | Best fitness: 0.02774446

Progress: 39% | Best fitness: 0.02774446

Progress: 40% | Best fitness: 0.02774446

Progress: 41% | Best fitness: 0.02774446

Progress: 42% | Best fitness: 0.02774446

Progress: 43% | Best fitness: 0.02774446

Progress: 44% | Best fitness: 0.02774446

Progress: 45% | Best fitness: 0.02771146

Progress: 46% | Best fitness: 0.02771146

Progress: 47% | Best fitness: 0.02771146

Progress: 48% | Best fitness: 0.02771146

Progress: 49% | Best fitness: 0.02771146

Progress: 50% | Best fitness: 0.02770253

Progress: 51% | Best fitness: 0.02763697

Progress: 52% | Best fitness: 0.02763697

Progress: 53% | Best fitness: 0.02763697

Progress: 54% | Best fitness: 0.02763697

Progress: 55% | Best fitness: 0.02763697

Progress: 56% | Best fitness: 0.02762619

Progress: 56% | Best fitness: 0.02762619

Progress: 57% | Best fitness: 0.02757157

Progress: 59% | Best fitness: 0.02757157

Progress: 60% | Best fitness: 0.02757157

Progress: 61% | Best fitness: 0.02757157

Progress: 62% | Best fitness: 0.02754376

Progress: 63% | Best fitness: 0.02754376

Progress: 64% | Best fitness: 0.02754376

Progress: 65% | Best fitness: 0.02751279

Progress: 66% | Best fitness: 0.02751279

Progress: 67% | Best fitness: 0.02751279

Progress: 68% | Best fitness: 0.02751279

Progress: 69% | Best fitness: 0.02751279

Progress: 70% | Best fitness: 0.02751279

Progress: 71% | Best fitness: 0.02751279

Progress: 72% | Best fitness: 0.02751279

Progress: 73% | Best fitness: 0.02751279

Progress: 74% | Best fitness: 0.02751279

Progress: 75% | Best fitness: 0.02751279

Progress: 76% | Best fitness: 0.02751279

Progress: 77% | Best fitness: 0.02751279

Progress: 78% | Best fitness: 0.02751279

Progress: 79% | Best fitness: 0.02751279

Progress: 80% | Best fitness: 0.02751279

Progress: 81% | Best fitness: 0.02751279

Progress: 82% | Best fitness: 0.02751279

Progress: 83% | Best fitness: 0.02751279

Progress: 84% | Best fitness: 0.02751279

Progress: 85% | Best fitness: 0.02751263

Progress: 86% | Best fitness: 0.02751263

Progress: 87% | Best fitness: 0.02751263

Progress: 88% | Best fitness: 0.02751263

Progress: 89% | Best fitness: 0.02751263

Progress: 90% | Best fitness: 0.02751263

Progress: 91% | Best fitness: 0.02751263

Progress: 92% | Best fitness: 0.02750400

Progress: 93% | Best fitness: 0.02750400

Progress: 94% | Best fitness: 0.02750400

Progress: 95% | Best fitness: 0.02750400

Progress: 96% | Best fitness: 0.02750400

Progress: 97% | Best fitness: 0.02750400

Progress: 98% | Best fitness: 0.02750400

Progress: 99% | Best fitness: 0.02750227

Progress: 100% | Best fitness: 0.02750227
finished: optimizer time 763.3961772918701 s
[ Optimization finished ]

Optimal fitness: 0.02750226677017516
Optimal solution: ['1.755', '0.329', '4.367', '5.557', '5.693', '3.106', '5.122', '5.726', '6.855', '4.769', '4.062', '4.787', '7.313', '6.215', '4.138', '4.948', '4.708', '4.959', '2.158', '6.343', '4.759', '4.239', '5.048', '4.551', '8.444', '3.981', '8.696', '4.904', '7.784', '3.401', '4.947', '7.067', '3.304', '7.047', '4.270', '5.297', '3.338', '3.232', '4.003', '6.023', '4.907', '2.919', '5.905', '5.322', '5.744', '8.075', '5.444', '3.089', '8.130', '4.548', '1.363', '3.728', '6.072', '6.456', '3.850', '1.838', '5.303', '5.465', '4.033', '3.476', '6.050', '6.417', '2.875', '5.016', '3.718', '4.262', '5.692', '4.165', '7.423', '4.054', '6.058', '4.964', '7.971', '5.576', '6.791', '5.751', '2.806', '1.826', '5.805', '5.619', '3.478', '3.020', '4.871', '6.793', '6.166', '6.325', '6.061', '4.376', '4.005', '5.195', '8.685', '3.072', '3.906', '1.885', '5.592', '6.115', '5.299', '6.463', '3.812', '5.920', '4.407', '6.653', '4.863', '4.115', '6.502', '9.594', '5.515', '6.701', '5.141', '4.270', '1.305', '5.978', '3.076', '2.755', '4.805', '4.650', '6.272', '4.985', '5.128', '5.297', '6.443', '3.876', '4.950', '4.158', '6.717', '2.512', '5.117', '5.742', '8.339', '5.111', '6.608', '5.320', '8.032', '3.450', '5.297', '1.590', '4.095', '4.304', '4.398', '4.506', '5.446', '3.552', '6.175', '7.443', '2.911']

Close toolkit for the input file "network". EPANET Toolkit is unloaded.

