EPANET version 20200 loaded (EPyT version v1.2.1 - Last Update: 09/01/2024).
Input File network.inp loaded successfully.

[ Succesfully loaded model from epanet/files/network.inp ]

Initial solution: [0.05 0.05 0.05 5.   0.05 0.05 5.   5.   0.05 5.   0.05 0.05 0.05 0.05
 5.   0.05 0.05 0.05 5.   5.   0.05 5.   0.05 0.05 0.05 5.   0.05 0.05
 5.   0.05 0.05 5.   5.   5.   5.   5.   5.   5.   5.   5.   0.05 0.05
 0.05 0.05 0.05 5.   5.   5.   0.05 0.05 5.   5.   5.   5.   5.   5.
 5.   5.   5.   5.   5.   5.   0.05 0.05 0.05 0.05 0.05 5.   0.05 0.05
 0.05 0.05 5.   5.   0.05 0.05 0.05 5.   5.   5.   5.   5.   0.05 0.05
 0.05 0.05 0.05 5.   5.   5.   5.   5.   5.   5.   5.   5.   0.05 0.05
 0.05 0.05 0.05 0.05 0.05 0.05 0.05 5.   5.   5.   5.   5.   0.05 0.05
 0.05 5.   0.05 0.05 0.05 0.05 0.5  0.05 0.05 0.05 0.05 0.05 0.05 5.
 5.   0.05 0.05 0.05 0.05 0.05 0.05 0.05 0.05 0.05 0.05 0.05 0.05 0.05
 0.05 5.   0.05 0.05 5.  ]

[ Succesfully loaded data from epanet/files/P.txt ]
False
init finished: init time 0.0340731143951416 s
[ Optimization started (no_sharks=96, steps=5)]
EPANET version 20200 loaded (EPyT version v1.2.1 - Last Update: 09/01/2024).
Input File network.inp loaded successfully.

EPANET version 20200 loaded (EPyT version v1.2.1 - Last Update: 09/01/2024).
Input File network.inp loaded successfully.

EPANET version 20200 loaded (EPyT version v1.2.1 - Last Update: 09/01/2024).
Input File network.inp loaded successfully.

EPANET version 20200 loaded (EPyT version v1.2.1 - Last Update: 09/01/2024).
Input File network.inp loaded successfully.

first loop finished: first loop time 7.518063306808472 s
finished: optimizer time 45.788689374923706 s
[ Optimization finished ]

Optimal fitness: 0.025463242709274296
Optimal solution: ['0.261', '0.253', '5.224', '4.413', '4.828', '1.190', '0.213', '0.669', '0.457', '9.328', '9.868', '5.401', '9.763', '1.496', '9.883', '7.417', '9.320', '1.651', '4.984', '1.437', '0.619', '4.328', '1.082', '2.902', '0.422', '8.747', '0.779', '0.979', '0.814', '0.649', '3.312', '0.411', '1.101', '1.183', '3.807', '7.609', '8.180', '4.984', '7.250', '9.642', '8.806', '2.462', '2.161', '8.428', '1.846', '9.741', '6.787', '5.907', '9.823', '0.061', '3.671', '0.939', '0.489', '9.411', '9.096', '0.823', '0.756', '0.904', '8.718', '0.628', '9.395', '8.719', '9.593', '9.246', '0.564', '8.941', '2.559', '9.739', '9.847', '8.432', '0.151', '7.721', '8.523', '3.396', '9.254', '8.822', '9.962', '8.471', '9.861', '7.477', '5.007', '1.524', '3.986', '3.140', '3.718', '9.825', '0.269', '6.156', '1.016', '3.777', '5.179', '6.823', '0.052', '9.974', '8.320', '4.136', '8.964', '1.555', '0.219', '1.467', '8.017', '3.776', '6.640', '0.668', '0.302', '0.922', '7.836', '0.235', '9.140', '0.200', '8.447', '6.202', '9.657', '1.084', '9.417', '1.840', '8.505', '8.267', '0.773', '3.480', '3.862', '3.495', '9.210', '9.004', '9.805', '6.629', '0.300', '9.325', '9.800', '9.898', '9.056', '4.376', '9.730', '0.347', '9.326', '1.239', '5.110', '9.513', '5.078', '0.510', '7.558', '0.744', '8.913', '8.337', '2.306']

Close toolkit for the input file "network". EPANET Toolkit is unloaded.

