EPANET version 20200 loaded (EPyT version v1.2.1 - Last Update: 09/01/2024).
Input File network.inp loaded successfully.

[ Succesfully loaded model from epanet/files/network.inp ]

Initial solution: [0.05 0.05 0.05 5.   0.05 0.05 5.   5.   0.05 5.   0.05 0.05 0.05 0.05
 5.   0.05 0.05 0.05 5.   5.   0.05 5.   0.05 0.05 0.05 5.   0.05 0.05
 5.   0.05 0.05 5.   5.   5.   5.   5.   5.   5.   5.   5.   0.05 0.05
 0.05 0.05 0.05 5.   5.   5.   0.05 0.05 5.   5.   5.   5.   5.   5.
 5.   5.   5.   5.   5.   5.   0.05 0.05 0.05 0.05 0.05 5.   0.05 0.05
 0.05 0.05 5.   5.   0.05 0.05 0.05 5.   5.   5.   5.   5.   0.05 0.05
 0.05 0.05 0.05 5.   5.   5.   5.   5.   5.   5.   5.   5.   0.05 0.05
 0.05 0.05 0.05 0.05 0.05 0.05 0.05 5.   5.   5.   5.   5.   0.05 0.05
 0.05 5.   0.05 0.05 0.05 0.05 0.5  0.05 0.05 0.05 0.05 0.05 0.05 5.
 5.   0.05 0.05 0.05 0.05 0.05 0.05 0.05 0.05 0.05 0.05 0.05 0.05 0.05
 0.05 5.   0.05 0.05 5.  ]

[ Succesfully loaded data from epanet/files/P.txt ]
True
init finished: init time 0.03386807441711426 s
[ Optimization started (no_sharks=96, steps=100)]
EPANET version 20200 loaded (EPyT version v1.2.1 - Last Update: 09/01/2024).
Input File network.inp loaded successfully.

EPANET version 20200 loaded (EPyT version v1.2.1 - Last Update: 09/01/2024).
Input File network.inp loaded successfully.

EPANET version 20200 loaded (EPyT version v1.2.1 - Last Update: 09/01/2024).
Input File network.inp loaded successfully.

EPANET version 20200 loaded (EPyT version v1.2.1 - Last Update: 09/01/2024).
Input File network.inp loaded successfully.

EPANET version 20200 loaded (EPyT version v1.2.1 - Last Update: 09/01/2024).
Input File network.inp loaded successfully.

EPANET version 20200 loaded (EPyT version v1.2.1 - Last Update: 09/01/2024).
Input File network.inp loaded successfully.

EPANET version 20200 loaded (EPyT version v1.2.1 - Last Update: 09/01/2024).
Input File network.inp loaded successfully.

EPANET version 20200 loaded (EPyT version v1.2.1 - Last Update: 09/01/2024).
Input File network.inp loaded successfully.

EPANET version 20200 loaded (EPyT version v1.2.1 - Last Update: 09/01/2024).
Input File network.inp loaded successfully.

EPANET version 20200 loaded (EPyT version v1.2.1 - Last Update: 09/01/2024).
Input File network.inp loaded successfully.

EPANET version 20200 loaded (EPyT version v1.2.1 - Last Update: 09/01/2024).
Input File network.inp loaded successfully.

EPANET version 20200 loaded (EPyT version v1.2.1 - Last Update: 09/01/2024).
Input File network.inp loaded successfully.

EPANET version 20200 loaded (EPyT version v1.2.1 - Last Update: 09/01/2024).
Input File network.inp loaded successfully.

EPANET version 20200 loaded (EPyT version v1.2.1 - Last Update: 09/01/2024).
Input File network.inp loaded successfully.

EPANET version 20200 loaded (EPyT version v1.2.1 - Last Update: 09/01/2024).
Input File network.inp loaded successfully.

EPANET version 20200 loaded (EPyT version v1.2.1 - Last Update: 09/01/2024).
Input File network.inp loaded successfully.

EPANET version 20200 loaded (EPyT version v1.2.1 - Last Update: 09/01/2024).
Input File network.inp loaded successfully.

EPANET version 20200 loaded (EPyT version v1.2.1 - Last Update: 09/01/2024).
Input File network.inp loaded successfully.

EPANET version 20200 loaded (EPyT version v1.2.1 - Last Update: 09/01/2024).
Input File network.inp loaded successfully.

EPANET version 20200 loaded (EPyT version v1.2.1 - Last Update: 09/01/2024).
Input File network.inp loaded successfully.

EPANET version 20200 loaded (EPyT version v1.2.1 - Last Update: 09/01/2024).
Input File network.inp loaded successfully.

EPANET version 20200 loaded (EPyT version v1.2.1 - Last Update: 09/01/2024).
Input File network.inp loaded successfully.

EPANET version 20200 loaded (EPyT version v1.2.1 - Last Update: 09/01/2024).
Input File network.inp loaded successfully.

EPANET version 20200 loaded (EPyT version v1.2.1 - Last Update: 09/01/2024).
Input File network.inp loaded successfully.

EPANET version 20200 loaded (EPyT version v1.2.1 - Last Update: 09/01/2024).
Input File network.inp loaded successfully.

EPANET version 20200 loaded (EPyT version v1.2.1 - Last Update: 09/01/2024).
Input File network.inp loaded successfully.

EPANET version 20200 loaded (EPyT version v1.2.1 - Last Update: 09/01/2024).
Input File network.inp loaded successfully.

EPANET version 20200 loaded (EPyT version v1.2.1 - Last Update: 09/01/2024).
Input File network.inp loaded successfully.

EPANET version 20200 loaded (EPyT version v1.2.1 - Last Update: 09/01/2024).
Input File network.inp loaded successfully.

EPANET version 20200 loaded (EPyT version v1.2.1 - Last Update: 09/01/2024).
Input File network.inp loaded successfully.

EPANET version 20200 loaded (EPyT version v1.2.1 - Last Update: 09/01/2024).
Input File network.inp loaded successfully.

EPANET version 20200 loaded (EPyT version v1.2.1 - Last Update: 09/01/2024).
Input File network.inp loaded successfully.

first loop finished: first loop time 4.100353479385376 s

Progress: 10% | Best fitness: 0.02696840

Progress: 20% | Best fitness: 0.02550047

Progress: 30% | Best fitness: 0.02485864

Progress: 40% | Best fitness: 0.02471594

Progress: 50% | Best fitness: 0.02439495

Progress: 60% | Best fitness: 0.02438244

Progress: 70% | Best fitness: 0.02432021

Progress: 80% | Best fitness: 0.02430293

Progress: 90% | Best fitness: 0.02426389

Progress: 100% | Best fitness: 0.02426389
finished: optimizer time 376.64968180656433 s
[ Optimization finished ]

Optimal fitness: 0.02426389426445348
Optimal solution: ['0.030', '0.595', '8.942', '3.028', '7.794', '0.616', '2.417', '6.968', '8.599', '3.633', '9.752', '9.534', '1.473', '6.683', '9.441', '9.685', '2.771', '9.812', '0.620', '1.986', '1.441', '7.598', '0.541', '0.066', '2.917', '1.457', '2.585', '9.172', '6.411', '4.072', '0.077', '6.603', '2.792', '2.454', '9.702', '4.043', '7.888', '9.713', '7.907', '0.688', '0.657', '2.348', '3.515', '0.310', '9.833', '8.438', '3.468', '0.114', '9.988', '8.380', '7.357', '9.693', '0.229', '0.561', '2.281', '9.620', '9.592', '8.445', '9.966', '0.505', '1.384', '1.052', '3.383', '1.331', '3.327', '4.199', '0.674', '1.701', '2.176', '9.861', '2.281', '9.172', '2.859', '9.388', '8.976', '9.963', '9.305', '9.499', '3.761', '9.733', '8.491', '1.122', '9.277', '7.969', '9.637', '8.487', '8.399', '9.678', '8.566', '7.683', '8.641', '1.820', '6.778', '9.277', '4.219', '0.622', '9.742', '7.691', '9.248', '5.726', '6.493', '0.561', '2.620', '5.860', '8.554', '1.580', '9.547', '4.110', '0.178', '3.717', '0.115', '0.791', '0.330', '2.699', '0.489', '6.364', '7.268', '7.959', '5.551', '9.469', '0.128', '6.677', '6.225', '8.726', '9.299', '8.674', '7.370', '0.084', '9.000', '8.765', '7.342', '0.519', '1.484', '0.495', '1.883', '2.836', '0.260', '0.307', '6.938', '0.192', '0.324', '7.831', '1.075', '6.342', '7.059']

Close toolkit for the input file "network". EPANET Toolkit is unloaded.

