EPANET version 20200 loaded (EPyT version v1.2.1 - Last Update: 09/01/2024).
Input File network.inp loaded successfully.

[ Succesfully loaded model from epanet/files/network.inp ]

Initial solution: [0.05 0.05 0.05 5.   0.05 0.05 5.   5.   0.05 5.   0.05 0.05 0.05 0.05
 5.   0.05 0.05 0.05 5.   5.   0.05 5.   0.05 0.05 0.05 5.   0.05 0.05
 5.   0.05 0.05 5.   5.   5.   5.   5.   5.   5.   5.   5.   0.05 0.05
 0.05 0.05 0.05 5.   5.   5.   0.05 0.05 5.   5.   5.   5.   5.   5.
 5.   5.   5.   5.   5.   5.   0.05 0.05 0.05 0.05 0.05 5.   0.05 0.05
 0.05 0.05 5.   5.   0.05 0.05 0.05 5.   5.   5.   5.   5.   0.05 0.05
 0.05 0.05 0.05 5.   5.   5.   5.   5.   5.   5.   5.   5.   0.05 0.05
 0.05 0.05 0.05 0.05 0.05 0.05 0.05 5.   5.   5.   5.   5.   0.05 0.05
 0.05 5.   0.05 0.05 0.05 0.05 0.5  0.05 0.05 0.05 0.05 0.05 0.05 5.
 5.   0.05 0.05 0.05 0.05 0.05 0.05 0.05 0.05 0.05 0.05 0.05 0.05 0.05
 0.05 5.   0.05 0.05 5.  ]

[ Succesfully loaded data from epanet/files/P.txt ]
True
init finished: init time 0.035718679428100586 s
[ Optimization started (no_sharks=96, steps=10)]
EPANET version 20200 loaded (EPyT version v1.2.1 - Last Update: 09/01/2024).
Input File network.inp loaded successfully.

EPANET version 20200 loaded (EPyT version v1.2.1 - Last Update: 09/01/2024).
Input File network.inp loaded successfully.

EPANET version 20200 loaded (EPyT version v1.2.1 - Last Update: 09/01/2024).
Input File network.inp loaded successfully.

EPANET version 20200 loaded (EPyT version v1.2.1 - Last Update: 09/01/2024).
Input File network.inp loaded successfully.

EPANET version 20200 loaded (EPyT version v1.2.1 - Last Update: 09/01/2024).
Input File network.inp loaded successfully.

EPANET version 20200 loaded (EPyT version v1.2.1 - Last Update: 09/01/2024).
Input File network.inp loaded successfully.

EPANET version 20200 loaded (EPyT version v1.2.1 - Last Update: 09/01/2024).
Input File network.inp loaded successfully.

EPANET version 20200 loaded (EPyT version v1.2.1 - Last Update: 09/01/2024).
Input File network.inp loaded successfully.

EPANET version 20200 loaded (EPyT version v1.2.1 - Last Update: 09/01/2024).
Input File network.inp loaded successfully.

EPANET version 20200 loaded (EPyT version v1.2.1 - Last Update: 09/01/2024).
Input File network.inp loaded successfully.

EPANET version 20200 loaded (EPyT version v1.2.1 - Last Update: 09/01/2024).
Input File network.inp loaded successfully.

EPANET version 20200 loaded (EPyT version v1.2.1 - Last Update: 09/01/2024).
Input File network.inp loaded successfully.

EPANET version 20200 loaded (EPyT version v1.2.1 - Last Update: 09/01/2024).
Input File network.inp loaded successfully.

EPANET version 20200 loaded (EPyT version v1.2.1 - Last Update: 09/01/2024).
Input File network.inp loaded successfully.

EPANET version 20200 loaded (EPyT version v1.2.1 - Last Update: 09/01/2024).
Input File network.inp loaded successfully.

EPANET version 20200 loaded (EPyT version v1.2.1 - Last Update: 09/01/2024).
Input File network.inp loaded successfully.

EPANET version 20200 loaded (EPyT version v1.2.1 - Last Update: 09/01/2024).
Input File network.inp loaded successfully.

EPANET version 20200 loaded (EPyT version v1.2.1 - Last Update: 09/01/2024).
Input File network.inp loaded successfully.

EPANET version 20200 loaded (EPyT version v1.2.1 - Last Update: 09/01/2024).
Input File network.inp loaded successfully.

EPANET version 20200 loaded (EPyT version v1.2.1 - Last Update: 09/01/2024).
Input File network.inp loaded successfully.

EPANET version 20200 loaded (EPyT version v1.2.1 - Last Update: 09/01/2024).
Input File network.inp loaded successfully.

EPANET version 20200 loaded (EPyT version v1.2.1 - Last Update: 09/01/2024).
Input File network.inp loaded successfully.

EPANET version 20200 loaded (EPyT version v1.2.1 - Last Update: 09/01/2024).
Input File network.inp loaded successfully.

EPANET version 20200 loaded (EPyT version v1.2.1 - Last Update: 09/01/2024).
Input File network.inp loaded successfully.

EPANET version 20200 loaded (EPyT version v1.2.1 - Last Update: 09/01/2024).
Input File network.inp loaded successfully.

EPANET version 20200 loaded (EPyT version v1.2.1 - Last Update: 09/01/2024).
Input File network.inp loaded successfully.

EPANET version 20200 loaded (EPyT version v1.2.1 - Last Update: 09/01/2024).
Input File network.inp loaded successfully.

EPANET version 20200 loaded (EPyT version v1.2.1 - Last Update: 09/01/2024).
Input File network.inp loaded successfully.

EPANET version 20200 loaded (EPyT version v1.2.1 - Last Update: 09/01/2024).
Input File network.inp loaded successfully.

EPANET version 20200 loaded (EPyT version v1.2.1 - Last Update: 09/01/2024).
Input File network.inp loaded successfully.

EPANET version 20200 loaded (EPyT version v1.2.1 - Last Update: 09/01/2024).
Input File network.inp loaded successfully.

EPANET version 20200 loaded (EPyT version v1.2.1 - Last Update: 09/01/2024).
Input File network.inp loaded successfully.

first loop finished: first loop time 3.9233436584472656 s

Progress: 10% | Best fitness: 0.02526680

Progress: 20% | Best fitness: 0.02526680

Progress: 30% | Best fitness: 0.02526680

Progress: 40% | Best fitness: 0.02490038

Progress: 50% | Best fitness: 0.02490038

Progress: 60% | Best fitness: 0.02490038

Progress: 70% | Best fitness: 0.02431437

Progress: 80% | Best fitness: 0.02431437

Progress: 90% | Best fitness: 0.02431437

Progress: 100% | Best fitness: 0.02431437
finished: optimizer time 41.97120976448059 s
[ Optimization finished ]

Optimal fitness: 0.024314373625186705
Optimal solution: ['0.812', '0.070', '9.373', '9.180', '2.650', '5.239', '0.933', '9.425', '7.194', '9.045', '2.035', '2.482', '9.690', '7.481', '9.783', '9.568', '0.802', '1.585', '0.665', '9.956', '4.878', '9.617', '0.870', '8.601', '5.596', '5.016', '9.945', '1.649', '9.402', '8.797', '7.230', '9.550', '0.893', '6.945', '0.351', '3.050', '6.386', '0.070', '1.878', '1.428', '6.067', '0.576', '0.388', '0.683', '9.787', '9.820', '9.337', '2.235', '9.383', '4.607', '9.796', '9.947', '6.361', '5.606', '5.081', '8.913', '5.936', '4.567', '0.334', '0.188', '0.654', '7.863', '0.061', '9.455', '9.406', '0.392', '9.253', '0.566', '4.769', '9.016', '5.589', '7.153', '8.543', '8.512', '9.458', '0.307', '2.327', '9.161', '0.461', '9.034', '7.756', '0.371', '0.126', '7.109', '3.802', '0.770', '5.510', '9.486', '1.412', '9.992', '3.953', '7.546', '8.683', '9.345', '8.487', '9.529', '8.986', '9.668', '4.763', '9.936', '0.376', '9.598', '0.258', '2.500', '9.961', '0.176', '0.467', '5.524', '0.904', '9.035', '0.467', '9.405', '7.173', '9.196', '9.633', '3.259', '9.666', '2.675', '5.192', '1.135', '5.451', '9.213', '9.861', '1.996', '9.753', '9.354', '9.710', '4.468', '8.608', '0.549', '9.562', '2.814', '9.384', '0.163', '9.486', '9.807', '0.581', '3.624', '4.708', '9.866', '1.648', '0.782', '7.693', '8.640', '6.515']

Close toolkit for the input file "network". EPANET Toolkit is unloaded.

