EPANET version 20200 loaded (EPyT version v1.2.1 - Last Update: 09/01/2024).
Input File network.inp loaded successfully.

[ Succesfully loaded model from epanet/files/network.inp ]

Initial solution: [0.05 0.05 0.05 5.   0.05 0.05 5.   5.   0.05 5.   0.05 0.05 0.05 0.05
 5.   0.05 0.05 0.05 5.   5.   0.05 5.   0.05 0.05 0.05 5.   0.05 0.05
 5.   0.05 0.05 5.   5.   5.   5.   5.   5.   5.   5.   5.   0.05 0.05
 0.05 0.05 0.05 5.   5.   5.   0.05 0.05 5.   5.   5.   5.   5.   5.
 5.   5.   5.   5.   5.   5.   0.05 0.05 0.05 0.05 0.05 5.   0.05 0.05
 0.05 0.05 5.   5.   0.05 0.05 0.05 5.   5.   5.   5.   5.   0.05 0.05
 0.05 0.05 0.05 5.   5.   5.   5.   5.   5.   5.   5.   5.   0.05 0.05
 0.05 0.05 0.05 0.05 0.05 0.05 0.05 5.   5.   5.   5.   5.   0.05 0.05
 0.05 5.   0.05 0.05 0.05 0.05 0.5  0.05 0.05 0.05 0.05 0.05 0.05 5.
 5.   0.05 0.05 0.05 0.05 0.05 0.05 0.05 0.05 0.05 0.05 0.05 0.05 0.05
 0.05 5.   0.05 0.05 5.  ]

[ Succesfully loaded data from epanet/files/P.txt ]
True
[ Optimization started (no_sharks=96, steps=5000)]
EPANET version 20200 loaded (EPyT version v1.2.1 - Last Update: 09/01/2024).
Input File network.inp loaded successfully.

EPANET version 20200 loaded (EPyT version v1.2.1 - Last Update: 09/01/2024).
Input File network.inp loaded successfully.

EPANET version 20200 loaded (EPyT version v1.2.1 - Last Update: 09/01/2024).
Input File network.inp loaded successfully.

EPANET version 20200 loaded (EPyT version v1.2.1 - Last Update: 09/01/2024).
Input File network.inp loaded successfully.

EPANET version 20200 loaded (EPyT version v1.2.1 - Last Update: 09/01/2024).
Input File network.inp loaded successfully.

EPANET version 20200 loaded (EPyT version v1.2.1 - Last Update: 09/01/2024).
Input File network.inp loaded successfully.

EPANET version 20200 loaded (EPyT version v1.2.1 - Last Update: 09/01/2024).
Input File network.inp loaded successfully.

EPANET version 20200 loaded (EPyT version v1.2.1 - Last Update: 09/01/2024).
Input File network.inp loaded successfully.

EPANET version 20200 loaded (EPyT version v1.2.1 - Last Update: 09/01/2024).
Input File network.inp loaded successfully.

EPANET version 20200 loaded (EPyT version v1.2.1 - Last Update: 09/01/2024).
Input File network.inp loaded successfully.

EPANET version 20200 loaded (EPyT version v1.2.1 - Last Update: 09/01/2024).
Input File network.inp loaded successfully.

EPANET version 20200 loaded (EPyT version v1.2.1 - Last Update: 09/01/2024).
Input File network.inp loaded successfully.

EPANET version 20200 loaded (EPyT version v1.2.1 - Last Update: 09/01/2024).
Input File network.inp loaded successfully.

EPANET version 20200 loaded (EPyT version v1.2.1 - Last Update: 09/01/2024).
Input File network.inp loaded successfully.

EPANET version 20200 loaded (EPyT version v1.2.1 - Last Update: 09/01/2024).
Input File network.inp loaded successfully.

EPANET version 20200 loaded (EPyT version v1.2.1 - Last Update: 09/01/2024).
Input File network.inp loaded successfully.

EPANET version 20200 loaded (EPyT version v1.2.1 - Last Update: 09/01/2024).
Input File network.inp loaded successfully.

EPANET version 20200 loaded (EPyT version v1.2.1 - Last Update: 09/01/2024).
Input File network.inp loaded successfully.

EPANET version 20200 loaded (EPyT version v1.2.1 - Last Update: 09/01/2024).
Input File network.inp loaded successfully.

EPANET version 20200 loaded (EPyT version v1.2.1 - Last Update: 09/01/2024).
Input File network.inp loaded successfully.

EPANET version 20200 loaded (EPyT version v1.2.1 - Last Update: 09/01/2024).
Input File network.inp loaded successfully.

EPANET version 20200 loaded (EPyT version v1.2.1 - Last Update: 09/01/2024).
Input File network.inp loaded successfully.

EPANET version 20200 loaded (EPyT version v1.2.1 - Last Update: 09/01/2024).
Input File network.inp loaded successfully.

EPANET version 20200 loaded (EPyT version v1.2.1 - Last Update: 09/01/2024).
Input File network.inp loaded successfully.

EPANET version 20200 loaded (EPyT version v1.2.1 - Last Update: 09/01/2024).
Input File network.inp loaded successfully.

EPANET version 20200 loaded (EPyT version v1.2.1 - Last Update: 09/01/2024).
Input File network.inp loaded successfully.

EPANET version 20200 loaded (EPyT version v1.2.1 - Last Update: 09/01/2024).
Input File network.inp loaded successfully.

EPANET version 20200 loaded (EPyT version v1.2.1 - Last Update: 09/01/2024).
Input File network.inp loaded successfully.

EPANET version 20200 loaded (EPyT version v1.2.1 - Last Update: 09/01/2024).
Input File network.inp loaded successfully.

EPANET version 20200 loaded (EPyT version v1.2.1 - Last Update: 09/01/2024).
Input File network.inp loaded successfully.

EPANET version 20200 loaded (EPyT version v1.2.1 - Last Update: 09/01/2024).
Input File network.inp loaded successfully.

EPANET version 20200 loaded (EPyT version v1.2.1 - Last Update: 09/01/2024).
Input File network.inp loaded successfully.

first loop finished: first loop time 4.169504880905151 s

Progress: 2% | Best fitness: 0.02434501

Progress: 4% | Best fitness: 0.02434501

Progress: 6% | Best fitness: 0.02434501

Progress: 8% | Best fitness: 0.02434501

Progress: 10% | Best fitness: 0.02434299

Progress: 12% | Best fitness: 0.02432047

Progress: 14% | Best fitness: 0.02428996

Progress: 16% | Best fitness: 0.02427507

Progress: 18% | Best fitness: 0.02427507

Progress: 20% | Best fitness: 0.02427507

Progress: 22% | Best fitness: 0.02427507

Progress: 24% | Best fitness: 0.02427507

Progress: 26% | Best fitness: 0.02426504

Progress: 28% | Best fitness: 0.02426504

Progress: 30% | Best fitness: 0.02425707

Progress: 32% | Best fitness: 0.02425707

Progress: 34% | Best fitness: 0.02423124

Progress: 36% | Best fitness: 0.02422363

Progress: 38% | Best fitness: 0.02421743

Progress: 40% | Best fitness: 0.02421697

Progress: 42% | Best fitness: 0.02421676

Progress: 44% | Best fitness: 0.02421640

Progress: 46% | Best fitness: 0.02421635

Progress: 48% | Best fitness: 0.02421635

Progress: 50% | Best fitness: 0.02421635

Progress: 52% | Best fitness: 0.02421635

Progress: 54% | Best fitness: 0.02421635

Progress: 56% | Best fitness: 0.02421635

Progress: 57% | Best fitness: 0.02421635

Progress: 60% | Best fitness: 0.02421635

Progress: 62% | Best fitness: 0.02421635

Progress: 64% | Best fitness: 0.02421635

Progress: 66% | Best fitness: 0.02421635

Progress: 68% | Best fitness: 0.02421635

Progress: 70% | Best fitness: 0.02421635

Progress: 72% | Best fitness: 0.02421635

Progress: 74% | Best fitness: 0.02421635

Progress: 76% | Best fitness: 0.02421635

Progress: 78% | Best fitness: 0.02421635

Progress: 80% | Best fitness: 0.02421619

Progress: 82% | Best fitness: 0.02421619

Progress: 84% | Best fitness: 0.02421619

Progress: 86% | Best fitness: 0.02421606

Progress: 88% | Best fitness: 0.02421606

Progress: 90% | Best fitness: 0.02421606

Progress: 92% | Best fitness: 0.02421606

Progress: 94% | Best fitness: 0.02421606

Progress: 96% | Best fitness: 0.02421606

Progress: 98% | Best fitness: 0.02421606

Progress: 100% | Best fitness: 0.02421596
finished: optimizer time 19435.97569346428 s
[ Optimization finished ]

Optimal fitness: 0.02421595787048681
Optimal solution: ['0.706', '0.025', '4.666', '1.406', '3.516', '6.495', '2.174', '9.673', '9.637', '9.069', '9.029', '2.612', '9.164', '1.673', '9.057', '9.669', '8.533', '7.165', '0.947', '9.630', '1.218', '6.069', '9.742', '5.048', '6.133', '9.398', '5.729', '7.996', '6.717', '9.630', '1.626', '1.971', '7.207', '7.177', '4.884', '1.346', '1.969', '4.926', '5.481', '6.446', '0.284', '1.815', '9.817', '9.229', '9.986', '4.677', '4.559', '9.655', '0.704', '2.552', '1.489', '2.670', '1.225', '7.730', '8.886', '1.859', '0.230', '9.707', '1.679', '2.283', '8.107', '5.837', '0.962', '4.479', '7.410', '8.978', '3.274', '6.852', '8.195', '2.170', '0.279', '9.376', '3.464', '7.699', '2.473', '7.457', '5.644', '4.357', '9.672', '7.948', '5.300', '6.558', '6.576', '1.651', '6.212', '3.192', '9.281', '8.977', '3.467', '9.595', '9.811', '6.985', '0.833', '8.677', '0.057', '5.259', '3.409', '9.915', '7.340', '2.192', '3.736', '9.276', '9.904', '1.020', '0.471', '2.925', '8.998', '9.542', '9.122', '9.422', '9.946', '9.339', '2.733', '1.691', '1.360', '1.864', '0.150', '1.298', '8.663', '2.427', '6.638', '2.533', '4.587', '8.519', '0.116', '5.201', '9.468', '3.167', '0.627', '3.577', '0.260', '2.244', '8.115', '5.693', '5.958', '6.267', '4.522', '4.944', '8.628', '0.520', '6.129', '5.508', '9.152', '6.067', '8.219']

Close toolkit for the input file "network". EPANET Toolkit is unloaded.

