EPANET version 20200 loaded (EPyT version v1.2.1 - Last Update: 09/01/2024).
Input File network.inp loaded successfully.

[ Succesfully loaded model from epanet/files/network.inp ]

Initial solution: [0.05 0.05 0.05 5.   0.05 0.05 5.   5.   0.05 5.   0.05 0.05 0.05 0.05
 5.   0.05 0.05 0.05 5.   5.   0.05 5.   0.05 0.05 0.05 5.   0.05 0.05
 5.   0.05 0.05 5.   5.   5.   5.   5.   5.   5.   5.   5.   0.05 0.05
 0.05 0.05 0.05 5.   5.   5.   0.05 0.05 5.   5.   5.   5.   5.   5.
 5.   5.   5.   5.   5.   5.   0.05 0.05 0.05 0.05 0.05 5.   0.05 0.05
 0.05 0.05 5.   5.   0.05 0.05 0.05 5.   5.   5.   5.   5.   0.05 0.05
 0.05 0.05 0.05 5.   5.   5.   5.   5.   5.   5.   5.   5.   0.05 0.05
 0.05 0.05 0.05 0.05 0.05 0.05 0.05 5.   5.   5.   5.   5.   0.05 0.05
 0.05 5.   0.05 0.05 0.05 0.05 0.5  0.05 0.05 0.05 0.05 0.05 0.05 5.
 5.   0.05 0.05 0.05 0.05 0.05 0.05 0.05 0.05 0.05 0.05 0.05 0.05 0.05
 0.05 5.   0.05 0.05 5.  ]

[ Succesfully loaded data from epanet/files/P.txt ]
False
init finished: init time 0.05893588066101074 s
[ Optimization started (no_sharks=96, steps=5)]
EPANET version 20200 loaded (EPyT version v1.2.1 - Last Update: 09/01/2024).
Input File network.inp loaded successfully.

EPANET version 20200 loaded (EPyT version v1.2.1 - Last Update: 09/01/2024).
Input File network.inp loaded successfully.

EPANET version 20200 loaded (EPyT version v1.2.1 - Last Update: 09/01/2024).
Input File network.inp loaded successfully.

EPANET version 20200 loaded (EPyT version v1.2.1 - Last Update: 09/01/2024).
Input File network.inp loaded successfully.

first loop finished: first loop time 7.543440103530884 s
finished: optimizer time 45.56862664222717 s
[ Optimization finished ]

Optimal fitness: 0.02742505625811602
Optimal solution: ['3.149', '0.420', '8.633', '8.341', '7.544', '5.251', '5.267', '2.138', '1.489', '7.094', '8.832', '4.783', '4.294', '0.032', '8.005', '9.067', '1.623', '7.213', '1.528', '3.884', '8.860', '8.281', '6.797', '4.803', '3.453', '7.818', '6.427', '9.594', '0.120', '0.817', '0.553', '9.278', '7.710', '6.860', '9.350', '3.089', '1.773', '2.924', '0.978', '9.838', '7.811', '2.285', '0.439', '3.474', '5.022', '8.973', '1.679', '9.023', '8.937', '2.769', '4.856', '0.723', '8.361', '6.268', '6.908', '7.033', '9.123', '0.616', '9.851', '0.947', '8.625', '9.185', '4.086', '2.906', '3.556', '6.694', '6.631', '5.951', '1.445', '2.274', '0.869', '5.022', '1.703', '4.426', '7.546', '8.625', '8.845', '7.304', '8.258', '8.760', '0.707', '1.415', '0.285', '4.055', '8.864', '9.847', '8.514', '2.031', '2.948', '8.338', '0.207', '4.420', '6.667', '3.882', '3.001', '0.544', '7.954', '4.320', '3.881', '9.664', '9.705', '0.210', '7.574', '8.082', '7.712', '1.140', '4.099', '4.655', '2.067', '2.640', '1.599', '0.906', '2.171', '0.336', '7.192', '2.544', '3.124', '9.295', '9.889', '5.305', '8.419', '0.890', '8.757', '1.796', '2.902', '8.189', '9.828', '1.218', '8.651', '8.058', '7.332', '5.446', '9.480', '1.215', '7.874', '6.588', '8.905', '0.373', '8.705', '6.473', '4.301', '2.834', '8.199', '9.256', '3.622']

Close toolkit for the input file "network". EPANET Toolkit is unloaded.

