EPANET version 20200 loaded (EPyT version v1.2.1 - Last Update: 09/01/2024).
Input File destabilizedWSO.inp loaded successfully.

[ Succesfully loaded model from epanet/files/destabilizedWSO.inp ]

Initial solution: [0.0539     0.0518     0.0504     5.55579996 0.0505     0.0471
 4.51760006 5.31969976 0.0485     4.74289989 0.0422     0.0573
 0.0464     0.0499     5.59110022 0.0496     0.0434     0.0541
 5.32040024 4.98010015 0.0454     5.62060022 0.046      0.0527
 0.0584     5.61539984 0.0491     0.0533     5.49469995 0.0481
 0.0458     5.24310017 4.72749996 5.61210012 4.20109987 5.13619995
 4.89760017 4.62239981 5.04930019 5.14820004 0.0493     0.0497
 0.0451     0.0548     0.0447     5.13590002 5.22370005 4.45529985
 0.0523     0.0526     4.95539999 4.45590019 4.7263999  5.28369999
 4.90059996 4.42670012 5.15210009 5.52390003 4.66230011 4.48110008
 5.40700006 5.32329988 0.0536     0.0494     0.0486     0.0541
 0.0476     4.89050007 0.0429     0.0398     0.0453     0.0503
 5.0783     5.296      0.0522     0.0462     0.0434     4.29949999
 5.32700014 4.57200003 4.32200003 4.52530003 0.0568     0.0541
 0.0566     0.0609     0.0515     4.27409983 5.21169996 4.97809982
 5.45629978 4.12769985 4.2961998  5.5788002  4.79659986 5.51590014
 0.0461     0.0531     0.0531     0.0533     0.0519     0.0531
 0.0538     0.0465     0.0505     5.01779985 4.86980009 5.66860008
 5.28630018 4.63800001 0.0461     0.0566     0.0562     5.46710014
 0.047      0.0452     0.0507     0.0519     0.45230001 0.0522
 0.0532     0.049      0.0438     0.0479     0.0464     5.44299984
 4.97469997 0.0587     0.0512     0.0464     0.0442     0.05
 0.0501     0.0536     0.0534     0.0597     0.0491     0.0562
 0.0526     0.0528     0.05       5.5619998  0.0517     0.0532
 5.05760002]

[ Succesfully loaded data from epanet/files/P.txt ]
True
[ Optimization started (no_sharks=96, steps=100)]
EPANET version 20200 loaded (EPyT version v1.2.1 - Last Update: 09/01/2024).
Input File destabilizedWSO.inp loaded successfully.

EPANET version 20200 loaded (EPyT version v1.2.1 - Last Update: 09/01/2024).
Input File destabilizedWSO.inp loaded successfully.

EPANET version 20200 loaded (EPyT version v1.2.1 - Last Update: 09/01/2024).
Input File destabilizedWSO.inp loaded successfully.

EPANET version 20200 loaded (EPyT version v1.2.1 - Last Update: 09/01/2024).
Input File destabilizedWSO.inp loaded successfully.

EPANET version 20200 loaded (EPyT version v1.2.1 - Last Update: 09/01/2024).
Input File destabilizedWSO.inp loaded successfully.

EPANET version 20200 loaded (EPyT version v1.2.1 - Last Update: 09/01/2024).
Input File destabilizedWSO.inp loaded successfully.

EPANET version 20200 loaded (EPyT version v1.2.1 - Last Update: 09/01/2024).
Input File destabilizedWSO.inp loaded successfully.

EPANET version 20200 loaded (EPyT version v1.2.1 - Last Update: 09/01/2024).
Input File destabilizedWSO.inp loaded successfully.

EPANET version 20200 loaded (EPyT version v1.2.1 - Last Update: 09/01/2024).
Input File destabilizedWSO.inp loaded successfully.

EPANET version 20200 loaded (EPyT version v1.2.1 - Last Update: 09/01/2024).
Input File destabilizedWSO.inp loaded successfully.

EPANET version 20200 loaded (EPyT version v1.2.1 - Last Update: 09/01/2024).
Input File destabilizedWSO.inp loaded successfully.

EPANET version 20200 loaded (EPyT version v1.2.1 - Last Update: 09/01/2024).
Input File destabilizedWSO.inp loaded successfully.

EPANET version 20200 loaded (EPyT version v1.2.1 - Last Update: 09/01/2024).
Input File destabilizedWSO.inp loaded successfully.

EPANET version 20200 loaded (EPyT version v1.2.1 - Last Update: 09/01/2024).
Input File destabilizedWSO.inp loaded successfully.

EPANET version 20200 loaded (EPyT version v1.2.1 - Last Update: 09/01/2024).
Input File destabilizedWSO.inp loaded successfully.

EPANET version 20200 loaded (EPyT version v1.2.1 - Last Update: 09/01/2024).
Input File destabilizedWSO.inp loaded successfully.

EPANET version 20200 loaded (EPyT version v1.2.1 - Last Update: 09/01/2024).
Input File destabilizedWSO.inp loaded successfully.

EPANET version 20200 loaded (EPyT version v1.2.1 - Last Update: 09/01/2024).
Input File destabilizedWSO.inp loaded successfully.

EPANET version 20200 loaded (EPyT version v1.2.1 - Last Update: 09/01/2024).
Input File destabilizedWSO.inp loaded successfully.

EPANET version 20200 loaded (EPyT version v1.2.1 - Last Update: 09/01/2024).
Input File destabilizedWSO.inp loaded successfully.

EPANET version 20200 loaded (EPyT version v1.2.1 - Last Update: 09/01/2024).
Input File destabilizedWSO.inp loaded successfully.

EPANET version 20200 loaded (EPyT version v1.2.1 - Last Update: 09/01/2024).
Input File destabilizedWSO.inp loaded successfully.

EPANET version 20200 loaded (EPyT version v1.2.1 - Last Update: 09/01/2024).
Input File destabilizedWSO.inp loaded successfully.

EPANET version 20200 loaded (EPyT version v1.2.1 - Last Update: 09/01/2024).
Input File destabilizedWSO.inp loaded successfully.

EPANET version 20200 loaded (EPyT version v1.2.1 - Last Update: 09/01/2024).
Input File destabilizedWSO.inp loaded successfully.

EPANET version 20200 loaded (EPyT version v1.2.1 - Last Update: 09/01/2024).
Input File destabilizedWSO.inp loaded successfully.

EPANET version 20200 loaded (EPyT version v1.2.1 - Last Update: 09/01/2024).
Input File destabilizedWSO.inp loaded successfully.

EPANET version 20200 loaded (EPyT version v1.2.1 - Last Update: 09/01/2024).
Input File destabilizedWSO.inp loaded successfully.

EPANET version 20200 loaded (EPyT version v1.2.1 - Last Update: 09/01/2024).
Input File destabilizedWSO.inp loaded successfully.

EPANET version 20200 loaded (EPyT version v1.2.1 - Last Update: 09/01/2024).
Input File destabilizedWSO.inp loaded successfully.

EPANET version 20200 loaded (EPyT version v1.2.1 - Last Update: 09/01/2024).
Input File destabilizedWSO.inp loaded successfully.

EPANET version 20200 loaded (EPyT version v1.2.1 - Last Update: 09/01/2024).
Input File destabilizedWSO.inp loaded successfully.

first loop finished: first loop time 3.998039722442627 s

Progress: 1% | Best fitness: 0.02808139

Progress: 2% | Best fitness: 0.02808139

Progress: 3% | Best fitness: 0.02808139

Progress: 4% | Best fitness: 0.02808139

Progress: 5% | Best fitness: 0.02808139

Progress: 6% | Best fitness: 0.02808139

Progress: 7% | Best fitness: 0.02767074

Progress: 8% | Best fitness: 0.02767074

Progress: 9% | Best fitness: 0.02767074

Progress: 10% | Best fitness: 0.02767074

Progress: 11% | Best fitness: 0.02767074

Progress: 12% | Best fitness: 0.02767074

Progress: 13% | Best fitness: 0.02767074

Progress: 14% | Best fitness: 0.02767074

Progress: 15% | Best fitness: 0.02710488

Progress: 16% | Best fitness: 0.02710488

Progress: 17% | Best fitness: 0.02710488

Progress: 18% | Best fitness: 0.02656066

Progress: 19% | Best fitness: 0.02656066

Progress: 20% | Best fitness: 0.02656066

Progress: 21% | Best fitness: 0.02644768

Progress: 22% | Best fitness: 0.02644768

Progress: 23% | Best fitness: 0.02644768

Progress: 24% | Best fitness: 0.02644768

Progress: 25% | Best fitness: 0.02644768

Progress: 26% | Best fitness: 0.02644768

Progress: 27% | Best fitness: 0.02532994

Progress: 28% | Best fitness: 0.02532994

Progress: 28% | Best fitness: 0.02532994

Progress: 30% | Best fitness: 0.02532994

Progress: 31% | Best fitness: 0.02532994

Progress: 32% | Best fitness: 0.02532994

Progress: 33% | Best fitness: 0.02532994

Progress: 34% | Best fitness: 0.02496390

Progress: 35% | Best fitness: 0.02496390

Progress: 36% | Best fitness: 0.02496390

Progress: 37% | Best fitness: 0.02496390

Progress: 38% | Best fitness: 0.02454629

Progress: 39% | Best fitness: 0.02454629

Progress: 40% | Best fitness: 0.02454629

Progress: 41% | Best fitness: 0.02454629

Progress: 42% | Best fitness: 0.02454629

Progress: 43% | Best fitness: 0.02454629

Progress: 44% | Best fitness: 0.02442154

Progress: 45% | Best fitness: 0.02440646

Progress: 46% | Best fitness: 0.02440646

Progress: 47% | Best fitness: 0.02440646

Progress: 48% | Best fitness: 0.02440646

Progress: 49% | Best fitness: 0.02440646

Progress: 50% | Best fitness: 0.02440646

Progress: 51% | Best fitness: 0.02440646

Progress: 52% | Best fitness: 0.02440646

Progress: 53% | Best fitness: 0.02440646

Progress: 54% | Best fitness: 0.02440646

Progress: 55% | Best fitness: 0.02440646

Progress: 56% | Best fitness: 0.02440646

Progress: 56% | Best fitness: 0.02440646

Progress: 57% | Best fitness: 0.02440646

Progress: 59% | Best fitness: 0.02426987

Progress: 60% | Best fitness: 0.02426987

Progress: 61% | Best fitness: 0.02426987

Progress: 62% | Best fitness: 0.02426987

Progress: 63% | Best fitness: 0.02426987

Progress: 64% | Best fitness: 0.02426987

Progress: 65% | Best fitness: 0.02426987

Progress: 66% | Best fitness: 0.02426987

Progress: 67% | Best fitness: 0.02426987

Progress: 68% | Best fitness: 0.02426987

Progress: 69% | Best fitness: 0.02426987

Progress: 70% | Best fitness: 0.02426987

Progress: 71% | Best fitness: 0.02426987

Progress: 72% | Best fitness: 0.02421227

Progress: 73% | Best fitness: 0.02421227

Progress: 74% | Best fitness: 0.02421227

Progress: 75% | Best fitness: 0.02421227

Progress: 76% | Best fitness: 0.02421227

Progress: 77% | Best fitness: 0.02417944

Progress: 78% | Best fitness: 0.02417944

Progress: 79% | Best fitness: 0.02417944

Progress: 80% | Best fitness: 0.02417944

Progress: 81% | Best fitness: 0.02417944

Progress: 82% | Best fitness: 0.02417944

Progress: 83% | Best fitness: 0.02417944

Progress: 84% | Best fitness: 0.02417944

Progress: 85% | Best fitness: 0.02417944

Progress: 86% | Best fitness: 0.02416678

Progress: 87% | Best fitness: 0.02415963

Progress: 88% | Best fitness: 0.02415963

Progress: 89% | Best fitness: 0.02415963

Progress: 90% | Best fitness: 0.02415963

Progress: 91% | Best fitness: 0.02415963

Progress: 92% | Best fitness: 0.02415963

Progress: 93% | Best fitness: 0.02415963

Progress: 94% | Best fitness: 0.02415963

Progress: 95% | Best fitness: 0.02415963

Progress: 96% | Best fitness: 0.02415963

Progress: 97% | Best fitness: 0.02414497

Progress: 98% | Best fitness: 0.02414497

Progress: 99% | Best fitness: 0.02414497

Progress: 100% | Best fitness: 0.02414497
finished: optimizer time 370.832008600235 s
[ Optimization finished ]

Optimal fitness: 0.02414496837199658
Optimal solution: ['0.643', '0.025', '11.191', '10.927', '2.082', '6.445', '7.696', '11.261', '2.472', '0.544', '9.908', '1.861', '2.224', '7.958', '11.301', '11.271', '0.156', '4.278', '1.827', '11.292', '0.985', '11.174', '2.771', '6.387', '3.508', '0.224', '1.191', '1.519', '5.239', '0.028', '11.314', '4.013', '11.216', '0.486', '3.675', '3.042', '1.938', '0.165', '9.660', '10.184', '6.677', '10.073', '0.802', '10.793', '4.337', '0.208', '0.088', '3.310', '0.864', '0.095', '10.748', '8.814', '0.084', '10.370', '6.160', '10.049', '5.729', '0.658', '0.128', '0.119', '10.859', '7.360', '11.237', '9.413', '11.294', '10.184', '11.287', '7.974', '11.329', '9.741', '10.530', '0.365', '10.520', '5.972', '0.063', '10.729', '2.036', '6.668', '11.199', '0.045', '10.225', '2.295', '11.279', '11.095', '9.219', '2.485', '5.315', '11.284', '2.851', '11.196', '6.082', '0.130', '8.203', '11.008', '10.326', '9.222', '1.185', '4.678', '1.616', '5.481', '0.395', '8.930', '0.262', '1.420', '0.669', '0.501', '0.847', '11.327', '10.430', '0.021', '6.297', '11.278', '1.488', '1.001', '0.670', '1.858', '6.398', '0.172', '10.138', '10.794', '0.040', '9.558', '1.485', '1.064', '0.057', '11.194', '0.098', '2.097', '0.563', '0.227', '0.313', '0.675', '4.060', '11.029', '2.193', '10.511', '0.217', '0.058', '3.734', '11.210', '0.190', '9.601', '0.080', '11.146', '9.796']

Close toolkit for the input file "destabilizedWSO". EPANET Toolkit is unloaded.

