EPANET version 20200 loaded (EPyT version v1.2.1 - Last Update: 09/01/2024).
Input File network.inp loaded successfully.

[ Succesfully loaded model from epanet/files/network.inp ]

Initial solution: [0.05 0.05 0.05 5.   0.05 0.05 5.   5.   0.05 5.   0.05 0.05 0.05 0.05
 5.   0.05 0.05 0.05 5.   5.   0.05 5.   0.05 0.05 0.05 5.   0.05 0.05
 5.   0.05 0.05 5.   5.   5.   5.   5.   5.   5.   5.   5.   0.05 0.05
 0.05 0.05 0.05 5.   5.   5.   0.05 0.05 5.   5.   5.   5.   5.   5.
 5.   5.   5.   5.   5.   5.   0.05 0.05 0.05 0.05 0.05 5.   0.05 0.05
 0.05 0.05 5.   5.   0.05 0.05 0.05 5.   5.   5.   5.   5.   0.05 0.05
 0.05 0.05 0.05 5.   5.   5.   5.   5.   5.   5.   5.   5.   0.05 0.05
 0.05 0.05 0.05 0.05 0.05 0.05 0.05 5.   5.   5.   5.   5.   0.05 0.05
 0.05 5.   0.05 0.05 0.05 0.05 0.5  0.05 0.05 0.05 0.05 0.05 0.05 5.
 5.   0.05 0.05 0.05 0.05 0.05 0.05 0.05 0.05 0.05 0.05 0.05 0.05 0.05
 0.05 5.   0.05 0.05 5.  ]

[ Succesfully loaded data from epanet/files/P.txt ]
False
init finished: init time 0.06305861473083496 s
[ Optimization started (no_sharks=48, steps=10)]
EPANET version 20200 loaded (EPyT version v1.2.1 - Last Update: 09/01/2024).
Input File network.inp loaded successfully.

EPANET version 20200 loaded (EPyT version v1.2.1 - Last Update: 09/01/2024).
Input File network.inp loaded successfully.

EPANET version 20200 loaded (EPyT version v1.2.1 - Last Update: 09/01/2024).
Input File network.inp loaded successfully.

EPANET version 20200 loaded (EPyT version v1.2.1 - Last Update: 09/01/2024).
Input File network.inp loaded successfully.

first loop finished: first loop time 4.058892250061035 s
finished: optimizer time 43.97901892662048 s
[ Optimization finished ]

Optimal fitness: 0.02456074146554338
Optimal solution: ['0.409', '0.073', '0.565', '8.729', '7.725', '3.213', '5.846', '3.824', '9.740', '1.029', '5.873', '0.195', '2.557', '7.014', '7.915', '9.896', '5.729', '4.284', '9.406', '7.484', '7.066', '0.221', '8.504', '0.205', '0.742', '2.958', '8.909', '1.318', '2.003', '2.156', '4.720', '0.631', '3.355', '3.169', '3.396', '9.964', '9.139', '1.686', '8.499', '5.178', '1.087', '8.558', '3.936', '6.833', '8.905', '6.420', '1.907', '0.416', '7.541', '9.811', '9.270', '4.121', '1.047', '6.661', '1.341', '0.850', '9.296', '5.689', '0.625', '4.964', '3.058', '7.877', '3.396', '4.741', '9.696', '9.117', '9.962', '6.502', '0.927', '9.620', '8.945', '5.552', '1.836', '4.907', '3.545', '0.865', '6.844', '9.979', '9.607', '3.152', '9.900', '6.598', '1.466', '8.974', '0.655', '7.806', '9.655', '7.581', '8.080', '3.437', '3.872', '6.127', '9.419', '5.298', '9.674', '2.995', '9.926', '8.571', '5.148', '8.685', '4.626', '8.902', '6.209', '9.928', '4.892', '7.732', '4.569', '3.850', '0.535', '5.568', '8.262', '0.320', '9.437', '3.875', '3.337', '0.677', '2.249', '8.765', '4.141', '2.412', '5.831', '9.955', '0.799', '2.969', '5.912', '0.822', '4.650', '4.268', '8.625', '0.779', '9.668', '4.494', '8.770', '1.383', '8.638', '8.280', '9.283', '0.605', '1.666', '5.702', '3.005', '0.787', '9.957', '4.721', '4.245']

Close toolkit for the input file "network". EPANET Toolkit is unloaded.

