EPANET version 20200 loaded (EPyT version v1.2.1 - Last Update: 09/01/2024).
Input File network.inp loaded successfully.

[ Succesfully loaded model from epanet/files/network.inp ]

Initial solution: [0.05 0.05 0.05 5.   0.05 0.05 5.   5.   0.05 5.   0.05 0.05 0.05 0.05
 5.   0.05 0.05 0.05 5.   5.   0.05 5.   0.05 0.05 0.05 5.   0.05 0.05
 5.   0.05 0.05 5.   5.   5.   5.   5.   5.   5.   5.   5.   0.05 0.05
 0.05 0.05 0.05 5.   5.   5.   0.05 0.05 5.   5.   5.   5.   5.   5.
 5.   5.   5.   5.   5.   5.   0.05 0.05 0.05 0.05 0.05 5.   0.05 0.05
 0.05 0.05 5.   5.   0.05 0.05 0.05 5.   5.   5.   5.   5.   0.05 0.05
 0.05 0.05 0.05 5.   5.   5.   5.   5.   5.   5.   5.   5.   0.05 0.05
 0.05 0.05 0.05 0.05 0.05 0.05 0.05 5.   5.   5.   5.   5.   0.05 0.05
 0.05 5.   0.05 0.05 0.05 0.05 0.5  0.05 0.05 0.05 0.05 0.05 0.05 5.
 5.   0.05 0.05 0.05 0.05 0.05 0.05 0.05 0.05 0.05 0.05 0.05 0.05 0.05
 0.05 5.   0.05 0.05 5.  ]

[ Succesfully loaded data from epanet/files/P.txt ]
False
init finished: init time 0.033185482025146484 s
[ Optimization started (no_sharks=48, steps=5)]
EPANET version 20200 loaded (EPyT version v1.2.1 - Last Update: 09/01/2024).
Input File network.inp loaded successfully.

EPANET version 20200 loaded (EPyT version v1.2.1 - Last Update: 09/01/2024).
Input File network.inp loaded successfully.

EPANET version 20200 loaded (EPyT version v1.2.1 - Last Update: 09/01/2024).
Input File network.inp loaded successfully.

EPANET version 20200 loaded (EPyT version v1.2.1 - Last Update: 09/01/2024).
Input File network.inp loaded successfully.

first loop finished: first loop time 3.935222625732422 s
finished: optimizer time 23.022268295288086 s
[ Optimization finished ]

Optimal fitness: 0.027968916191874457
Optimal solution: ['2.788', '0.470', '7.168', '7.597', '3.068', '3.709', '7.636', '7.971', '1.890', '4.422', '8.716', '0.064', '9.516', '3.769', '8.748', '0.935', '9.376', '9.747', '7.336', '1.182', '5.049', '5.097', '0.969', '0.720', '9.146', '3.230', '6.237', '0.208', '1.812', '7.111', '1.973', '4.011', '8.546', '0.884', '4.555', '0.736', '6.947', '5.452', '2.919', '2.802', '9.098', '1.286', '4.183', '8.995', '1.153', '7.058', '1.638', '0.884', '6.379', '9.215', '3.579', '3.102', '7.615', '2.616', '1.064', '1.109', '0.649', '8.905', '4.110', '6.680', '4.805', '2.216', '2.557', '7.401', '7.980', '9.281', '0.150', '5.026', '0.485', '2.311', '5.281', '4.042', '7.596', '1.246', '7.634', '9.596', '5.822', '1.930', '2.509', '4.355', '1.635', '7.906', '2.234', '9.168', '9.875', '0.734', '2.766', '9.948', '7.079', '5.435', '3.229', '0.967', '5.027', '5.387', '4.419', '2.351', '1.204', '0.734', '9.349', '0.789', '1.659', '7.516', '1.669', '0.387', '9.005', '0.679', '7.689', '0.263', '7.852', '2.357', '6.353', '2.586', '2.182', '6.797', '7.538', '1.619', '0.370', '7.908', '7.526', '0.456', '3.255', '1.589', '6.736', '9.572', '0.488', '6.117', '9.769', '8.835', '7.567', '9.754', '3.380', '2.077', '0.494', '3.901', '8.513', '9.880', '5.096', '0.342', '9.333', '4.451', '8.325', '0.629', '7.480', '0.557', '6.552']

Close toolkit for the input file "network". EPANET Toolkit is unloaded.

