EPANET version 20200 loaded (EPyT version v1.2.1 - Last Update: 09/01/2024).
Input File network.inp loaded successfully.

[ Succesfully loaded model from epanet/files/network.inp ]

Initial solution: [0.05 0.05 0.05 5.   0.05 0.05 5.   5.   0.05 5.   0.05 0.05 0.05 0.05
 5.   0.05 0.05 0.05 5.   5.   0.05 5.   0.05 0.05 0.05 5.   0.05 0.05
 5.   0.05 0.05 5.   5.   5.   5.   5.   5.   5.   5.   5.   0.05 0.05
 0.05 0.05 0.05 5.   5.   5.   0.05 0.05 5.   5.   5.   5.   5.   5.
 5.   5.   5.   5.   5.   5.   0.05 0.05 0.05 0.05 0.05 5.   0.05 0.05
 0.05 0.05 5.   5.   0.05 0.05 0.05 5.   5.   5.   5.   5.   0.05 0.05
 0.05 0.05 0.05 5.   5.   5.   5.   5.   5.   5.   5.   5.   0.05 0.05
 0.05 0.05 0.05 0.05 0.05 0.05 0.05 5.   5.   5.   5.   5.   0.05 0.05
 0.05 5.   0.05 0.05 0.05 0.05 0.5  0.05 0.05 0.05 0.05 0.05 0.05 5.
 5.   0.05 0.05 0.05 0.05 0.05 0.05 0.05 0.05 0.05 0.05 0.05 0.05 0.05
 0.05 5.   0.05 0.05 5.  ]

[ Succesfully loaded data from epanet/files/P.txt ]
True
[ Optimization started (no_sharks=96, steps=5)]
EPANET version 20200 loaded (EPyT version v1.2.1 - Last Update: 09/01/2024).
Input File network.inp loaded successfully.

EPANET version 20200 loaded (EPyT version v1.2.1 - Last Update: 09/01/2024).
Input File network.inp loaded successfully.

EPANET version 20200 loaded (EPyT version v1.2.1 - Last Update: 09/01/2024).
Input File network.inp loaded successfully.

EPANET version 20200 loaded (EPyT version v1.2.1 - Last Update: 09/01/2024).
Input File network.inp loaded successfully.

EPANET version 20200 loaded (EPyT version v1.2.1 - Last Update: 09/01/2024).
Input File network.inp loaded successfully.

EPANET version 20200 loaded (EPyT version v1.2.1 - Last Update: 09/01/2024).
Input File network.inp loaded successfully.

EPANET version 20200 loaded (EPyT version v1.2.1 - Last Update: 09/01/2024).
Input File network.inp loaded successfully.

EPANET version 20200 loaded (EPyT version v1.2.1 - Last Update: 09/01/2024).
Input File network.inp loaded successfully.

EPANET version 20200 loaded (EPyT version v1.2.1 - Last Update: 09/01/2024).
Input File network.inp loaded successfully.

EPANET version 20200 loaded (EPyT version v1.2.1 - Last Update: 09/01/2024).
Input File network.inp loaded successfully.

EPANET version 20200 loaded (EPyT version v1.2.1 - Last Update: 09/01/2024).
Input File network.inp loaded successfully.

EPANET version 20200 loaded (EPyT version v1.2.1 - Last Update: 09/01/2024).
Input File network.inp loaded successfully.

EPANET version 20200 loaded (EPyT version v1.2.1 - Last Update: 09/01/2024).
Input File network.inp loaded successfully.

EPANET version 20200 loaded (EPyT version v1.2.1 - Last Update: 09/01/2024).
Input File network.inp loaded successfully.

EPANET version 20200 loaded (EPyT version v1.2.1 - Last Update: 09/01/2024).
Input File network.inp loaded successfully.

EPANET version 20200 loaded (EPyT version v1.2.1 - Last Update: 09/01/2024).
Input File network.inp loaded successfully.

EPANET version 20200 loaded (EPyT version v1.2.1 - Last Update: 09/01/2024).
Input File network.inp loaded successfully.

EPANET version 20200 loaded (EPyT version v1.2.1 - Last Update: 09/01/2024).
Input File network.inp loaded successfully.

EPANET version 20200 loaded (EPyT version v1.2.1 - Last Update: 09/01/2024).
Input File network.inp loaded successfully.

EPANET version 20200 loaded (EPyT version v1.2.1 - Last Update: 09/01/2024).
Input File network.inp loaded successfully.

EPANET version 20200 loaded (EPyT version v1.2.1 - Last Update: 09/01/2024).
Input File network.inp loaded successfully.

EPANET version 20200 loaded (EPyT version v1.2.1 - Last Update: 09/01/2024).
Input File network.inp loaded successfully.

EPANET version 20200 loaded (EPyT version v1.2.1 - Last Update: 09/01/2024).
Input File network.inp loaded successfully.

EPANET version 20200 loaded (EPyT version v1.2.1 - Last Update: 09/01/2024).
Input File network.inp loaded successfully.

EPANET version 20200 loaded (EPyT version v1.2.1 - Last Update: 09/01/2024).
Input File network.inp loaded successfully.

EPANET version 20200 loaded (EPyT version v1.2.1 - Last Update: 09/01/2024).
Input File network.inp loaded successfully.

EPANET version 20200 loaded (EPyT version v1.2.1 - Last Update: 09/01/2024).
Input File network.inp loaded successfully.

EPANET version 20200 loaded (EPyT version v1.2.1 - Last Update: 09/01/2024).
Input File network.inp loaded successfully.

EPANET version 20200 loaded (EPyT version v1.2.1 - Last Update: 09/01/2024).
Input File network.inp loaded successfully.

EPANET version 20200 loaded (EPyT version v1.2.1 - Last Update: 09/01/2024).
Input File network.inp loaded successfully.

EPANET version 20200 loaded (EPyT version v1.2.1 - Last Update: 09/01/2024).
Input File network.inp loaded successfully.

EPANET version 20200 loaded (EPyT version v1.2.1 - Last Update: 09/01/2024).
Input File network.inp loaded successfully.

first loop finished: first loop time 4.137813329696655 s

Progress: 20% | Best fitness: 0.02817846

Progress: 40% | Best fitness: 0.02817846

Progress: 60% | Best fitness: 0.02656180

Progress: 80% | Best fitness: 0.02656180

Progress: 100% | Best fitness: 0.02656180
finished: optimizer time 23.662604331970215 s
[ Optimization finished ]

Optimal fitness: 0.026561799650998683
Optimal solution: ['0.179', '0.214', '8.016', '8.419', '9.994', '7.604', '9.747', '0.319', '0.331', '2.145', '8.174', '6.428', '8.791', '9.978', '9.202', '2.740', '7.237', '5.305', '0.401', '3.854', '3.567', '0.092', '8.809', '9.305', '7.878', '9.234', '2.441', '8.249', '4.012', '4.553', '6.553', '6.930', '0.279', '0.527', '9.590', '6.327', '8.396', '0.668', '0.937', '8.186', '8.800', '0.062', '8.798', '2.552', '3.357', '6.859', '2.011', '3.450', '8.143', '9.598', '1.976', '0.826', '9.219', '6.896', '0.662', '6.786', '1.409', '7.751', '2.603', '3.596', '0.071', '8.946', '0.536', '5.226', '9.100', '9.553', '8.394', '1.376', '5.535', '4.207', '1.204', '5.758', '9.684', '6.646', '2.797', '5.568', '4.943', '9.237', '8.778', '0.997', '0.813', '8.507', '0.044', '3.147', '8.212', '9.611', '8.627', '0.148', '3.304', '7.551', '4.960', '6.466', '6.758', '9.040', '3.076', '4.938', '7.380', '0.539', '8.186', '9.351', '2.610', '3.848', '1.842', '3.840', '7.629', '6.336', '3.414', '4.014', '3.962', '6.784', '3.843', '8.028', '7.767', '1.071', '7.016', '8.264', '2.941', '1.784', '9.579', '8.925', '9.600', '7.016', '0.244', '5.405', '6.999', '4.218', '8.701', '6.501', '0.399', '4.867', '7.765', '8.523', '9.869', '8.568', '5.310', '1.286', '0.516', '5.147', '8.539', '9.862', '8.355', '0.080', '0.741', '0.896', '4.622']

Close toolkit for the input file "network". EPANET Toolkit is unloaded.

