EPANET version 20200 loaded (EPyT version v1.2.1 - Last Update: 09/01/2024).
Input File network.inp loaded successfully.

[ Succesfully loaded model from epanet/files/network.inp ]

Initial solution: [0.05 0.05 0.05 5.   0.05 0.05 5.   5.   0.05 5.   0.05 0.05 0.05 0.05
 5.   0.05 0.05 0.05 5.   5.   0.05 5.   0.05 0.05 0.05 5.   0.05 0.05
 5.   0.05 0.05 5.   5.   5.   5.   5.   5.   5.   5.   5.   0.05 0.05
 0.05 0.05 0.05 5.   5.   5.   0.05 0.05 5.   5.   5.   5.   5.   5.
 5.   5.   5.   5.   5.   5.   0.05 0.05 0.05 0.05 0.05 5.   0.05 0.05
 0.05 0.05 5.   5.   0.05 0.05 0.05 5.   5.   5.   5.   5.   0.05 0.05
 0.05 0.05 0.05 5.   5.   5.   5.   5.   5.   5.   5.   5.   0.05 0.05
 0.05 0.05 0.05 0.05 0.05 0.05 0.05 5.   5.   5.   5.   5.   0.05 0.05
 0.05 5.   0.05 0.05 0.05 0.05 0.5  0.05 0.05 0.05 0.05 0.05 0.05 5.
 5.   0.05 0.05 0.05 0.05 0.05 0.05 0.05 0.05 0.05 0.05 0.05 0.05 0.05
 0.05 5.   0.05 0.05 5.  ]

[ Succesfully loaded data from epanet/files/P.txt ]
True
[ Optimization started (no_sharks=96, steps=10000)]
EPANET version 20200 loaded (EPyT version v1.2.1 - Last Update: 09/01/2024).
Input File network.inp loaded successfully.

EPANET version 20200 loaded (EPyT version v1.2.1 - Last Update: 09/01/2024).
Input File network.inp loaded successfully.

EPANET version 20200 loaded (EPyT version v1.2.1 - Last Update: 09/01/2024).
Input File network.inp loaded successfully.

EPANET version 20200 loaded (EPyT version v1.2.1 - Last Update: 09/01/2024).
Input File network.inp loaded successfully.

EPANET version 20200 loaded (EPyT version v1.2.1 - Last Update: 09/01/2024).
Input File network.inp loaded successfully.

EPANET version 20200 loaded (EPyT version v1.2.1 - Last Update: 09/01/2024).
Input File network.inp loaded successfully.

EPANET version 20200 loaded (EPyT version v1.2.1 - Last Update: 09/01/2024).
Input File network.inp loaded successfully.

EPANET version 20200 loaded (EPyT version v1.2.1 - Last Update: 09/01/2024).
Input File network.inp loaded successfully.

EPANET version 20200 loaded (EPyT version v1.2.1 - Last Update: 09/01/2024).
Input File network.inp loaded successfully.

EPANET version 20200 loaded (EPyT version v1.2.1 - Last Update: 09/01/2024).
Input File network.inp loaded successfully.

EPANET version 20200 loaded (EPyT version v1.2.1 - Last Update: 09/01/2024).
Input File network.inp loaded successfully.

EPANET version 20200 loaded (EPyT version v1.2.1 - Last Update: 09/01/2024).
Input File network.inp loaded successfully.

EPANET version 20200 loaded (EPyT version v1.2.1 - Last Update: 09/01/2024).
Input File network.inp loaded successfully.

EPANET version 20200 loaded (EPyT version v1.2.1 - Last Update: 09/01/2024).
Input File network.inp loaded successfully.

EPANET version 20200 loaded (EPyT version v1.2.1 - Last Update: 09/01/2024).
Input File network.inp loaded successfully.

EPANET version 20200 loaded (EPyT version v1.2.1 - Last Update: 09/01/2024).
Input File network.inp loaded successfully.

EPANET version 20200 loaded (EPyT version v1.2.1 - Last Update: 09/01/2024).
Input File network.inp loaded successfully.

EPANET version 20200 loaded (EPyT version v1.2.1 - Last Update: 09/01/2024).
Input File network.inp loaded successfully.

EPANET version 20200 loaded (EPyT version v1.2.1 - Last Update: 09/01/2024).
Input File network.inp loaded successfully.

EPANET version 20200 loaded (EPyT version v1.2.1 - Last Update: 09/01/2024).
Input File network.inp loaded successfully.

EPANET version 20200 loaded (EPyT version v1.2.1 - Last Update: 09/01/2024).
Input File network.inp loaded successfully.

EPANET version 20200 loaded (EPyT version v1.2.1 - Last Update: 09/01/2024).
Input File network.inp loaded successfully.

EPANET version 20200 loaded (EPyT version v1.2.1 - Last Update: 09/01/2024).
Input File network.inp loaded successfully.

EPANET version 20200 loaded (EPyT version v1.2.1 - Last Update: 09/01/2024).
Input File network.inp loaded successfully.

EPANET version 20200 loaded (EPyT version v1.2.1 - Last Update: 09/01/2024).
Input File network.inp loaded successfully.

EPANET version 20200 loaded (EPyT version v1.2.1 - Last Update: 09/01/2024).
Input File network.inp loaded successfully.

EPANET version 20200 loaded (EPyT version v1.2.1 - Last Update: 09/01/2024).
Input File network.inp loaded successfully.

EPANET version 20200 loaded (EPyT version v1.2.1 - Last Update: 09/01/2024).
Input File network.inp loaded successfully.

EPANET version 20200 loaded (EPyT version v1.2.1 - Last Update: 09/01/2024).
Input File network.inp loaded successfully.

EPANET version 20200 loaded (EPyT version v1.2.1 - Last Update: 09/01/2024).
Input File network.inp loaded successfully.

EPANET version 20200 loaded (EPyT version v1.2.1 - Last Update: 09/01/2024).
Input File network.inp loaded successfully.

EPANET version 20200 loaded (EPyT version v1.2.1 - Last Update: 09/01/2024).
Input File network.inp loaded successfully.

first loop finished: first loop time 3.989494562149048 s

Progress: 1% | Best fitness: 0.02456695

Progress: 2% | Best fitness: 0.02439450

Progress: 3% | Best fitness: 0.02439428

Progress: 4% | Best fitness: 0.02435837

Progress: 5% | Best fitness: 0.02431797

Progress: 6% | Best fitness: 0.02431797

Progress: 7% | Best fitness: 0.02431711

Progress: 8% | Best fitness: 0.02427327

Progress: 9% | Best fitness: 0.02427327

Progress: 10% | Best fitness: 0.02427327

Progress: 11% | Best fitness: 0.02427327

Progress: 12% | Best fitness: 0.02427327

Progress: 13% | Best fitness: 0.02427327

Progress: 14% | Best fitness: 0.02427327

Progress: 15% | Best fitness: 0.02427327

Progress: 16% | Best fitness: 0.02427327

Progress: 17% | Best fitness: 0.02427327

Progress: 18% | Best fitness: 0.02427327

Progress: 19% | Best fitness: 0.02427067

Progress: 20% | Best fitness: 0.02427067

Progress: 21% | Best fitness: 0.02427067

Progress: 22% | Best fitness: 0.02427067

Progress: 23% | Best fitness: 0.02427067

Progress: 24% | Best fitness: 0.02425360

Progress: 25% | Best fitness: 0.02425136

Progress: 26% | Best fitness: 0.02425136

Progress: 27% | Best fitness: 0.02425136

Progress: 28% | Best fitness: 0.02425136

Progress: 28% | Best fitness: 0.02425127

Progress: 30% | Best fitness: 0.02424113

Progress: 31% | Best fitness: 0.02424113

Progress: 32% | Best fitness: 0.02423141

Progress: 33% | Best fitness: 0.02422244

Progress: 34% | Best fitness: 0.02421970

Progress: 35% | Best fitness: 0.02421638

Progress: 36% | Best fitness: 0.02421452

Progress: 37% | Best fitness: 0.02421442

Progress: 38% | Best fitness: 0.02421435

Progress: 39% | Best fitness: 0.02421435

Progress: 40% | Best fitness: 0.02421435

Progress: 41% | Best fitness: 0.02421435

Progress: 42% | Best fitness: 0.02421435

Progress: 43% | Best fitness: 0.02421435

Progress: 44% | Best fitness: 0.02421435

Progress: 45% | Best fitness: 0.02421425

Progress: 46% | Best fitness: 0.02421425

Progress: 47% | Best fitness: 0.02421414

Progress: 48% | Best fitness: 0.02421413

Progress: 49% | Best fitness: 0.02421413

Progress: 50% | Best fitness: 0.02421413

Progress: 51% | Best fitness: 0.02421413

Progress: 52% | Best fitness: 0.02421413

Progress: 53% | Best fitness: 0.02421413

Progress: 54% | Best fitness: 0.02421413

Progress: 55% | Best fitness: 0.02421413

Progress: 56% | Best fitness: 0.02421413

Progress: 56% | Best fitness: 0.02421413

Progress: 57% | Best fitness: 0.02421413

Progress: 59% | Best fitness: 0.02421413

Progress: 60% | Best fitness: 0.02421412

Progress: 61% | Best fitness: 0.02421412

Progress: 62% | Best fitness: 0.02421412

Progress: 63% | Best fitness: 0.02421412

Progress: 64% | Best fitness: 0.02421412

Progress: 65% | Best fitness: 0.02421412

Progress: 66% | Best fitness: 0.02421412

Progress: 67% | Best fitness: 0.02421395

Progress: 68% | Best fitness: 0.02421395

Progress: 69% | Best fitness: 0.02421395

Progress: 70% | Best fitness: 0.02421395

Progress: 71% | Best fitness: 0.02421395

Progress: 72% | Best fitness: 0.02421395

Progress: 73% | Best fitness: 0.02421395

Progress: 74% | Best fitness: 0.02421395

Progress: 75% | Best fitness: 0.02421395

Progress: 76% | Best fitness: 0.02421395

Progress: 77% | Best fitness: 0.02421395

Progress: 78% | Best fitness: 0.02421395

Progress: 79% | Best fitness: 0.02421395

Progress: 80% | Best fitness: 0.02421395

Progress: 81% | Best fitness: 0.02421395

Progress: 82% | Best fitness: 0.02421395

Progress: 83% | Best fitness: 0.02421395

Progress: 84% | Best fitness: 0.02421395

Progress: 85% | Best fitness: 0.02421395

Progress: 86% | Best fitness: 0.02421395

Progress: 87% | Best fitness: 0.02421395

Progress: 88% | Best fitness: 0.02421395

Progress: 89% | Best fitness: 0.02421395

Progress: 90% | Best fitness: 0.02421395

Progress: 91% | Best fitness: 0.02421395

Progress: 92% | Best fitness: 0.02421395

Progress: 93% | Best fitness: 0.02421395

Progress: 94% | Best fitness: 0.02421395

Progress: 95% | Best fitness: 0.02421395

Progress: 96% | Best fitness: 0.02421395

Progress: 97% | Best fitness: 0.02421395

Progress: 98% | Best fitness: 0.02421395

Progress: 99% | Best fitness: 0.02421395

Progress: 100% | Best fitness: 0.02421395
finished: optimizer time 38810.24550819397 s
[ Optimization finished ]

Optimal fitness: 0.024213949546898414
Optimal solution: ['0.354', '0.025', '4.777', '6.286', '9.936', '6.679', '4.083', '8.431', '5.647', '8.628', '1.269', '6.036', '0.248', '8.207', '9.959', '9.977', '1.315', '6.307', '9.536', '9.740', '5.668', '6.564', '8.820', '1.071', '8.183', '5.626', '0.330', '8.910', '3.571', '9.557', '5.543', '8.373', '1.347', '7.036', '9.588', '9.514', '1.234', '0.347', '4.340', '8.917', '7.838', '9.568', '4.856', '3.187', '5.125', '9.985', '4.636', '3.974', '7.608', '1.887', '6.092', '7.309', '0.262', '6.311', '3.151', '2.252', '1.417', '8.272', '3.613', '0.232', '8.881', '4.472', '0.839', '4.664', '0.151', '8.787', '1.441', '1.393', '4.426', '5.901', '8.389', '1.729', '2.272', '8.177', '6.096', '5.828', '3.493', '7.549', '8.988', '8.279', '7.122', '5.542', '8.767', '6.166', '2.227', '0.393', '1.498', '7.618', '2.602', '2.643', '9.452', '1.683', '3.563', '3.110', '8.650', '2.505', '1.030', '7.503', '7.940', '9.223', '9.021', '4.403', '0.613', '6.942', '8.731', '6.655', '6.152', '7.217', '8.902', '6.129', '8.474', '9.649', '8.018', '3.804', '4.582', '1.154', '0.046', '6.537', '7.624', '1.272', '3.652', '7.757', '8.950', '8.147', '1.975', '1.958', '5.430', '9.441', '9.993', '1.961', '0.456', '8.845', '5.816', '5.526', '0.999', '3.923', '0.580', '0.598', '7.835', '2.965', '9.398', '0.390', '0.576', '4.550', '7.839']

Close toolkit for the input file "network". EPANET Toolkit is unloaded.

