EPANET version 20200 loaded (EPyT version v1.2.1 - Last Update: 09/01/2024).
Input File network.inp loaded successfully.

[ Succesfully loaded model from epanet/files/network.inp ]

Initial solution: [0.05 0.05 0.05 5.   0.05 0.05 5.   5.   0.05 5.   0.05 0.05 0.05 0.05
 5.   0.05 0.05 0.05 5.   5.   0.05 5.   0.05 0.05 0.05 5.   0.05 0.05
 5.   0.05 0.05 5.   5.   5.   5.   5.   5.   5.   5.   5.   0.05 0.05
 0.05 0.05 0.05 5.   5.   5.   0.05 0.05 5.   5.   5.   5.   5.   5.
 5.   5.   5.   5.   5.   5.   0.05 0.05 0.05 0.05 0.05 5.   0.05 0.05
 0.05 0.05 5.   5.   0.05 0.05 0.05 5.   5.   5.   5.   5.   0.05 0.05
 0.05 0.05 0.05 5.   5.   5.   5.   5.   5.   5.   5.   5.   0.05 0.05
 0.05 0.05 0.05 0.05 0.05 0.05 0.05 5.   5.   5.   5.   5.   0.05 0.05
 0.05 5.   0.05 0.05 0.05 0.05 0.5  0.05 0.05 0.05 0.05 0.05 0.05 5.
 5.   0.05 0.05 0.05 0.05 0.05 0.05 0.05 0.05 0.05 0.05 0.05 0.05 0.05
 0.05 5.   0.05 0.05 5.  ]

[ Succesfully loaded data from epanet/files/P.txt ]
False
init finished: init time 0.060324907302856445 s
[ Optimization started (no_sharks=92, steps=5)]
EPANET version 20200 loaded (EPyT version v1.2.1 - Last Update: 09/01/2024).
Input File network.inp loaded successfully.

EPANET version 20200 loaded (EPyT version v1.2.1 - Last Update: 09/01/2024).
Input File network.inp loaded successfully.

EPANET version 20200 loaded (EPyT version v1.2.1 - Last Update: 09/01/2024).
Input File network.inp loaded successfully.

EPANET version 20200 loaded (EPyT version v1.2.1 - Last Update: 09/01/2024).
Input File network.inp loaded successfully.

first loop finished: first loop time 7.423025608062744 s
finished: optimizer time 44.19049096107483 s
[ Optimization finished ]

Optimal fitness: 0.0258850786975751
Optimal solution: ['0.136', '0.144', '9.716', '4.622', '8.275', '0.369', '8.534', '3.429', '0.609', '1.934', '0.834', '8.760', '4.924', '1.131', '0.600', '6.421', '5.133', '6.357', '8.898', '1.180', '9.816', '2.034', '6.226', '4.537', '7.666', '7.296', '0.349', '3.903', '6.255', '3.873', '7.179', '8.136', '4.978', '7.111', '5.954', '7.508', '0.721', '6.754', '0.786', '3.724', '3.624', '8.860', '8.354', '8.395', '2.611', '8.243', '5.893', '5.448', '5.260', '7.545', '8.872', '4.376', '9.830', '7.003', '0.369', '2.323', '5.916', '6.094', '2.082', '0.397', '1.403', '8.099', '6.704', '5.681', '7.321', '7.738', '3.705', '2.957', '3.425', '7.049', '3.409', '3.809', '8.924', '3.031', '2.898', '5.263', '7.953', '8.388', '3.286', '7.011', '6.916', '4.238', '3.359', '7.964', '9.087', '1.342', '2.564', '7.281', '3.390', '7.638', '5.007', '0.559', '5.001', '6.750', '0.388', '7.471', '3.672', '0.605', '5.484', '3.139', '6.279', '8.955', '9.549', '5.741', '1.375', '6.510', '3.434', '4.279', '5.965', '0.211', '5.046', '6.686', '1.407', '3.755', '4.782', '6.367', '2.162', '9.077', '2.570', '8.433', '3.588', '4.582', '7.863', '2.702', '7.717', '6.985', '4.249', '1.818', '7.102', '5.677', '4.983', '5.935', '9.558', '8.768', '8.356', '0.875', '0.139', '8.724', '0.125', '0.714', '2.981', '3.042', '2.790', '3.442', '7.256']

Close toolkit for the input file "network". EPANET Toolkit is unloaded.

