EPANET version 20200 loaded (EPyT version v1.2.1 - Last Update: 09/01/2024).
Input File network.inp loaded successfully.

[ Succesfully loaded model from epanet/files/network.inp ]

Initial solution: [0.05 0.05 0.05 5.   0.05 0.05 5.   5.   0.05 5.   0.05 0.05 0.05 0.05
 5.   0.05 0.05 0.05 5.   5.   0.05 5.   0.05 0.05 0.05 5.   0.05 0.05
 5.   0.05 0.05 5.   5.   5.   5.   5.   5.   5.   5.   5.   0.05 0.05
 0.05 0.05 0.05 5.   5.   5.   0.05 0.05 5.   5.   5.   5.   5.   5.
 5.   5.   5.   5.   5.   5.   0.05 0.05 0.05 0.05 0.05 5.   0.05 0.05
 0.05 0.05 5.   5.   0.05 0.05 0.05 5.   5.   5.   5.   5.   0.05 0.05
 0.05 0.05 0.05 5.   5.   5.   5.   5.   5.   5.   5.   5.   0.05 0.05
 0.05 0.05 0.05 0.05 0.05 0.05 0.05 5.   5.   5.   5.   5.   0.05 0.05
 0.05 5.   0.05 0.05 0.05 0.05 0.5  0.05 0.05 0.05 0.05 0.05 0.05 5.
 5.   0.05 0.05 0.05 0.05 0.05 0.05 0.05 0.05 0.05 0.05 0.05 0.05 0.05
 0.05 5.   0.05 0.05 5.  ]

[ Succesfully loaded data from epanet/files/P.txt ]
True
[ Optimization started (no_sharks=48, steps=100)]
EPANET version 20200 loaded (EPyT version v1.2.1 - Last Update: 09/01/2024).
Input File network.inp loaded successfully.

EPANET version 20200 loaded (EPyT version v1.2.1 - Last Update: 09/01/2024).
Input File network.inp loaded successfully.

EPANET version 20200 loaded (EPyT version v1.2.1 - Last Update: 09/01/2024).
Input File network.inp loaded successfully.

EPANET version 20200 loaded (EPyT version v1.2.1 - Last Update: 09/01/2024).
Input File network.inp loaded successfully.

EPANET version 20200 loaded (EPyT version v1.2.1 - Last Update: 09/01/2024).
Input File network.inp loaded successfully.

EPANET version 20200 loaded (EPyT version v1.2.1 - Last Update: 09/01/2024).
Input File network.inp loaded successfully.

EPANET version 20200 loaded (EPyT version v1.2.1 - Last Update: 09/01/2024).
Input File network.inp loaded successfully.

EPANET version 20200 loaded (EPyT version v1.2.1 - Last Update: 09/01/2024).
Input File network.inp loaded successfully.

EPANET version 20200 loaded (EPyT version v1.2.1 - Last Update: 09/01/2024).
Input File network.inp loaded successfully.

EPANET version 20200 loaded (EPyT version v1.2.1 - Last Update: 09/01/2024).
Input File network.inp loaded successfully.

EPANET version 20200 loaded (EPyT version v1.2.1 - Last Update: 09/01/2024).
Input File network.inp loaded successfully.

EPANET version 20200 loaded (EPyT version v1.2.1 - Last Update: 09/01/2024).
Input File network.inp loaded successfully.

EPANET version 20200 loaded (EPyT version v1.2.1 - Last Update: 09/01/2024).
Input File network.inp loaded successfully.

EPANET version 20200 loaded (EPyT version v1.2.1 - Last Update: 09/01/2024).
Input File network.inp loaded successfully.

EPANET version 20200 loaded (EPyT version v1.2.1 - Last Update: 09/01/2024).
Input File network.inp loaded successfully.

EPANET version 20200 loaded (EPyT version v1.2.1 - Last Update: 09/01/2024).
Input File network.inp loaded successfully.

EPANET version 20200 loaded (EPyT version v1.2.1 - Last Update: 09/01/2024).
Input File network.inp loaded successfully.

EPANET version 20200 loaded (EPyT version v1.2.1 - Last Update: 09/01/2024).
Input File network.inp loaded successfully.

EPANET version 20200 loaded (EPyT version v1.2.1 - Last Update: 09/01/2024).
Input File network.inp loaded successfully.

EPANET version 20200 loaded (EPyT version v1.2.1 - Last Update: 09/01/2024).
Input File network.inp loaded successfully.

EPANET version 20200 loaded (EPyT version v1.2.1 - Last Update: 09/01/2024).
Input File network.inp loaded successfully.

EPANET version 20200 loaded (EPyT version v1.2.1 - Last Update: 09/01/2024).
Input File network.inp loaded successfully.

EPANET version 20200 loaded (EPyT version v1.2.1 - Last Update: 09/01/2024).
Input File network.inp loaded successfully.

EPANET version 20200 loaded (EPyT version v1.2.1 - Last Update: 09/01/2024).
Input File network.inp loaded successfully.

first loop finished: first loop time 3.909067153930664 s

Progress: 10% | Best fitness: 0.02810496

Progress: 20% | Best fitness: 0.02787744

Progress: 30% | Best fitness: 0.02712487

Progress: 40% | Best fitness: 0.02636767

Progress: 50% | Best fitness: 0.02533501

Progress: 60% | Best fitness: 0.02517612

Progress: 70% | Best fitness: 0.02505788

Progress: 80% | Best fitness: 0.02505788

Progress: 90% | Best fitness: 0.02505788

Progress: 100% | Best fitness: 0.02500365
finished: optimizer time 381.9039056301117 s
[ Optimization finished ]

Optimal fitness: 0.025003654988141222
Optimal solution: ['0.618', '0.072', '8.337', '7.210', '5.194', '6.492', '6.902', '2.537', '7.126', '7.514', '8.330', '4.222', '7.278', '2.604', '8.481', '2.854', '2.562', '3.100', '4.346', '7.561', '6.833', '3.492', '6.909', '4.257', '6.308', '7.912', '3.809', '8.059', '8.797', '3.988', '3.728', '4.455', '7.021', '2.092', '6.937', '6.024', '5.759', '6.551', '7.188', '6.885', '6.213', '2.171', '1.836', '8.228', '1.590', '4.257', '5.892', '1.596', '7.151', '6.409', '7.023', '7.941', '5.981', '6.350', '6.301', '8.163', '2.528', '1.518', '3.500', '6.469', '2.412', '9.018', '1.898', '7.223', '6.621', '5.883', '8.130', '3.021', '3.316', '2.474', '5.324', '2.649', '5.164', '3.866', '2.777', '5.731', '4.212', '1.514', '3.570', '5.855', '2.119', '2.317', '7.097', '1.984', '8.501', '3.736', '6.255', '3.243', '5.653', '6.759', '8.666', '5.752', '1.925', '2.934', '9.072', '4.644', '7.799', '6.117', '2.263', '4.499', '5.951', '3.889', '7.300', '2.026', '7.016', '7.150', '5.545', '2.047', '3.908', '7.061', '2.768', '7.356', '6.208', '2.783', '6.791', '6.376', '5.358', '0.960', '8.174', '5.345', '2.145', '6.025', '1.245', '4.032', '4.279', '5.159', '6.905', '6.698', '4.538', '7.953', '6.060', '2.124', '8.976', '5.533', '2.719', '7.182', '2.343', '7.334', '6.154', '3.399', '1.701', '3.378', '7.718', '5.101', '5.240']

Close toolkit for the input file "network". EPANET Toolkit is unloaded.

