EPANET version 20200 loaded (EPyT version v1.2.1 - Last Update: 09/01/2024).
Input File destabilizedWSO.inp loaded successfully.

[ Succesfully loaded model from epanet/files/destabilizedWSO.inp ]

Initial solution: [0.0539     0.0518     0.0504     5.55579996 0.0505     0.0471
 4.51760006 5.31969976 0.0485     4.74289989 0.0422     0.0573
 0.0464     0.0499     5.59110022 0.0496     0.0434     0.0541
 5.32040024 4.98010015 0.0454     5.62060022 0.046      0.0527
 0.0584     5.61539984 0.0491     0.0533     5.49469995 0.0481
 0.0458     5.24310017 4.72749996 5.61210012 4.20109987 5.13619995
 4.89760017 4.62239981 5.04930019 5.14820004 0.0493     0.0497
 0.0451     0.0548     0.0447     5.13590002 5.22370005 4.45529985
 0.0523     0.0526     4.95539999 4.45590019 4.7263999  5.28369999
 4.90059996 4.42670012 5.15210009 5.52390003 4.66230011 4.48110008
 5.40700006 5.32329988 0.0536     0.0494     0.0486     0.0541
 0.0476     4.89050007 0.0429     0.0398     0.0453     0.0503
 5.0783     5.296      0.0522     0.0462     0.0434     4.29949999
 5.32700014 4.57200003 4.32200003 4.52530003 0.0568     0.0541
 0.0566     0.0609     0.0515     4.27409983 5.21169996 4.97809982
 5.45629978 4.12769985 4.2961998  5.5788002  4.79659986 5.51590014
 0.0461     0.0531     0.0531     0.0533     0.0519     0.0531
 0.0538     0.0465     0.0505     5.01779985 4.86980009 5.66860008
 5.28630018 4.63800001 0.0461     0.0566     0.0562     5.46710014
 0.047      0.0452     0.0507     0.0519     0.45230001 0.0522
 0.0532     0.049      0.0438     0.0479     0.0464     5.44299984
 4.97469997 0.0587     0.0512     0.0464     0.0442     0.05
 0.0501     0.0536     0.0534     0.0597     0.0491     0.0562
 0.0526     0.0528     0.05       5.5619998  0.0517     0.0532
 5.05760002]

[ Succesfully loaded data from epanet/files/P.txt ]
True
[ Optimization started (no_sharks=96, steps=10000)]
EPANET version 20200 loaded (EPyT version v1.2.1 - Last Update: 09/01/2024).
Input File destabilizedWSO.inp loaded successfully.

EPANET version 20200 loaded (EPyT version v1.2.1 - Last Update: 09/01/2024).
Input File destabilizedWSO.inp loaded successfully.

EPANET version 20200 loaded (EPyT version v1.2.1 - Last Update: 09/01/2024).
Input File destabilizedWSO.inp loaded successfully.

EPANET version 20200 loaded (EPyT version v1.2.1 - Last Update: 09/01/2024).
Input File destabilizedWSO.inp loaded successfully.

EPANET version 20200 loaded (EPyT version v1.2.1 - Last Update: 09/01/2024).
Input File destabilizedWSO.inp loaded successfully.

EPANET version 20200 loaded (EPyT version v1.2.1 - Last Update: 09/01/2024).
Input File destabilizedWSO.inp loaded successfully.

EPANET version 20200 loaded (EPyT version v1.2.1 - Last Update: 09/01/2024).
Input File destabilizedWSO.inp loaded successfully.

EPANET version 20200 loaded (EPyT version v1.2.1 - Last Update: 09/01/2024).
Input File destabilizedWSO.inp loaded successfully.

EPANET version 20200 loaded (EPyT version v1.2.1 - Last Update: 09/01/2024).
Input File destabilizedWSO.inp loaded successfully.

EPANET version 20200 loaded (EPyT version v1.2.1 - Last Update: 09/01/2024).
Input File destabilizedWSO.inp loaded successfully.

EPANET version 20200 loaded (EPyT version v1.2.1 - Last Update: 09/01/2024).
Input File destabilizedWSO.inp loaded successfully.

EPANET version 20200 loaded (EPyT version v1.2.1 - Last Update: 09/01/2024).
Input File destabilizedWSO.inp loaded successfully.

EPANET version 20200 loaded (EPyT version v1.2.1 - Last Update: 09/01/2024).
Input File destabilizedWSO.inp loaded successfully.

EPANET version 20200 loaded (EPyT version v1.2.1 - Last Update: 09/01/2024).
Input File destabilizedWSO.inp loaded successfully.

EPANET version 20200 loaded (EPyT version v1.2.1 - Last Update: 09/01/2024).
Input File destabilizedWSO.inp loaded successfully.

EPANET version 20200 loaded (EPyT version v1.2.1 - Last Update: 09/01/2024).
Input File destabilizedWSO.inp loaded successfully.

EPANET version 20200 loaded (EPyT version v1.2.1 - Last Update: 09/01/2024).
Input File destabilizedWSO.inp loaded successfully.

EPANET version 20200 loaded (EPyT version v1.2.1 - Last Update: 09/01/2024).
Input File destabilizedWSO.inp loaded successfully.

EPANET version 20200 loaded (EPyT version v1.2.1 - Last Update: 09/01/2024).
Input File destabilizedWSO.inp loaded successfully.

EPANET version 20200 loaded (EPyT version v1.2.1 - Last Update: 09/01/2024).
Input File destabilizedWSO.inp loaded successfully.

EPANET version 20200 loaded (EPyT version v1.2.1 - Last Update: 09/01/2024).
Input File destabilizedWSO.inp loaded successfully.

EPANET version 20200 loaded (EPyT version v1.2.1 - Last Update: 09/01/2024).
Input File destabilizedWSO.inp loaded successfully.

EPANET version 20200 loaded (EPyT version v1.2.1 - Last Update: 09/01/2024).
Input File destabilizedWSO.inp loaded successfully.

EPANET version 20200 loaded (EPyT version v1.2.1 - Last Update: 09/01/2024).
Input File destabilizedWSO.inp loaded successfully.

EPANET version 20200 loaded (EPyT version v1.2.1 - Last Update: 09/01/2024).
Input File destabilizedWSO.inp loaded successfully.

EPANET version 20200 loaded (EPyT version v1.2.1 - Last Update: 09/01/2024).
Input File destabilizedWSO.inp loaded successfully.

EPANET version 20200 loaded (EPyT version v1.2.1 - Last Update: 09/01/2024).
Input File destabilizedWSO.inp loaded successfully.

EPANET version 20200 loaded (EPyT version v1.2.1 - Last Update: 09/01/2024).
Input File destabilizedWSO.inp loaded successfully.

EPANET version 20200 loaded (EPyT version v1.2.1 - Last Update: 09/01/2024).
Input File destabilizedWSO.inp loaded successfully.

EPANET version 20200 loaded (EPyT version v1.2.1 - Last Update: 09/01/2024).
Input File destabilizedWSO.inp loaded successfully.

EPANET version 20200 loaded (EPyT version v1.2.1 - Last Update: 09/01/2024).
Input File destabilizedWSO.inp loaded successfully.

EPANET version 20200 loaded (EPyT version v1.2.1 - Last Update: 09/01/2024).
Input File destabilizedWSO.inp loaded successfully.

first loop finished: first loop time 3.9407291412353516 s

Progress: 1% | Best fitness: 0.02462140

Progress: 2% | Best fitness: 0.02434143

Progress: 3% | Best fitness: 0.02421704

Progress: 4% | Best fitness: 0.02421704

Progress: 5% | Best fitness: 0.02421704

Progress: 6% | Best fitness: 0.02421704

Progress: 7% | Best fitness: 0.02421704

Progress: 8% | Best fitness: 0.02420074

Progress: 9% | Best fitness: 0.02420074

Progress: 10% | Best fitness: 0.02419199

Progress: 11% | Best fitness: 0.02411558

Progress: 12% | Best fitness: 0.02411558

Progress: 13% | Best fitness: 0.02411558

Progress: 14% | Best fitness: 0.02411558

Progress: 15% | Best fitness: 0.02411558

Progress: 16% | Best fitness: 0.02411558

Progress: 17% | Best fitness: 0.02411558

Progress: 18% | Best fitness: 0.02407007

Progress: 19% | Best fitness: 0.02407007

Progress: 20% | Best fitness: 0.02407007

Progress: 21% | Best fitness: 0.02404840

Progress: 22% | Best fitness: 0.02404840

Progress: 23% | Best fitness: 0.02404840

Progress: 24% | Best fitness: 0.02404840

Progress: 25% | Best fitness: 0.02404840

Progress: 26% | Best fitness: 0.02404424

Progress: 27% | Best fitness: 0.02404193

Progress: 28% | Best fitness: 0.02404193

Progress: 28% | Best fitness: 0.02404193

Progress: 30% | Best fitness: 0.02404174

Progress: 31% | Best fitness: 0.02404174

Progress: 32% | Best fitness: 0.02402404

Progress: 33% | Best fitness: 0.02402404

Progress: 34% | Best fitness: 0.02402404

Progress: 35% | Best fitness: 0.02401976

Progress: 36% | Best fitness: 0.02401877

Progress: 37% | Best fitness: 0.02401828

Progress: 38% | Best fitness: 0.02401828

Progress: 39% | Best fitness: 0.02401828

Progress: 40% | Best fitness: 0.02401828

Progress: 41% | Best fitness: 0.02401828

Progress: 42% | Best fitness: 0.02401828

Progress: 43% | Best fitness: 0.02401828

Progress: 44% | Best fitness: 0.02401828

Progress: 45% | Best fitness: 0.02401828

Progress: 46% | Best fitness: 0.02401828

Progress: 47% | Best fitness: 0.02401828

Progress: 48% | Best fitness: 0.02401828

Progress: 49% | Best fitness: 0.02401828

Progress: 50% | Best fitness: 0.02401828

Progress: 51% | Best fitness: 0.02401828

Progress: 52% | Best fitness: 0.02401828

Progress: 53% | Best fitness: 0.02401828

Progress: 54% | Best fitness: 0.02401828

Progress: 55% | Best fitness: 0.02401828

Progress: 56% | Best fitness: 0.02401828

Progress: 56% | Best fitness: 0.02401828

Progress: 57% | Best fitness: 0.02401828

Progress: 59% | Best fitness: 0.02401816

Progress: 60% | Best fitness: 0.02401816

Progress: 61% | Best fitness: 0.02401816

Progress: 62% | Best fitness: 0.02401816

Progress: 63% | Best fitness: 0.02401816

Progress: 64% | Best fitness: 0.02401816

Progress: 65% | Best fitness: 0.02401816

Progress: 66% | Best fitness: 0.02401816

Progress: 67% | Best fitness: 0.02401816

Progress: 68% | Best fitness: 0.02401816

Progress: 69% | Best fitness: 0.02401816

Progress: 70% | Best fitness: 0.02401816

Progress: 71% | Best fitness: 0.02401816

Progress: 72% | Best fitness: 0.02401816

Progress: 73% | Best fitness: 0.02401816

Progress: 74% | Best fitness: 0.02401816

Progress: 75% | Best fitness: 0.02401816

Progress: 76% | Best fitness: 0.02401796

Progress: 77% | Best fitness: 0.02401796

Progress: 78% | Best fitness: 0.02401796

Progress: 79% | Best fitness: 0.02401796

Progress: 80% | Best fitness: 0.02401796

Progress: 81% | Best fitness: 0.02401796

Progress: 82% | Best fitness: 0.02401796

Progress: 83% | Best fitness: 0.02401796

Progress: 84% | Best fitness: 0.02401796

Progress: 85% | Best fitness: 0.02401796

Progress: 86% | Best fitness: 0.02401796

Progress: 87% | Best fitness: 0.02401796

Progress: 88% | Best fitness: 0.02401796

Progress: 89% | Best fitness: 0.02401796

Progress: 90% | Best fitness: 0.02401796

Progress: 91% | Best fitness: 0.02401796

Progress: 92% | Best fitness: 0.02401796

Progress: 93% | Best fitness: 0.02401796

Progress: 94% | Best fitness: 0.02401796

Progress: 95% | Best fitness: 0.02401796

Progress: 96% | Best fitness: 0.02401796

Progress: 97% | Best fitness: 0.02401796

Progress: 98% | Best fitness: 0.02401796

Progress: 99% | Best fitness: 0.02401796

Progress: 100% | Best fitness: 0.02401796
finished: optimizer time 39062.09288954735 s
[ Optimization finished ]

Optimal fitness: 0.024017963065744576
Optimal solution: ['0.354', '0.021', '9.830', '0.871', '1.988', '9.293', '11.032', '2.618', '7.953', '5.539', '11.219', '0.612', '5.176', '0.503', '11.258', '11.309', '1.000', '5.568', '5.935', '8.655', '1.072', '9.380', '8.397', '1.439', '4.712', '6.752', '7.568', '0.625', '11.194', '10.906', '1.240', '0.304', '3.301', '10.955', '3.166', '3.047', '0.211', '10.191', '10.851', '10.495', '1.997', '11.106', '11.091', '7.636', '2.000', '10.568', '4.700', '10.515', '0.229', '9.328', '1.571', '1.229', '8.343', '2.157', '0.978', '8.612', '11.084', '0.583', '8.552', '0.792', '0.687', '10.022', '3.070', '0.523', '1.506', '7.755', '1.696', '5.674', '10.444', '7.381', '7.164', '11.037', '7.006', '10.752', '3.033', '11.166', '0.590', '10.467', '10.965', '9.215', '2.020', '9.418', '9.049', '10.485', '5.438', '9.161', '2.145', '11.211', '1.607', '10.960', '10.595', '0.288', '8.962', '0.420', '8.962', '6.298', '0.579', '10.238', '0.419', '10.913', '10.913', '3.046', '1.540', '10.026', '11.193', '9.572', '9.836', '9.996', '2.151', '1.044', '9.437', '10.911', '1.492', '1.480', '6.362', '1.382', '1.591', '1.478', '8.142', '9.706', '4.925', '10.250', '11.117', '10.503', '6.751', '10.756', '6.103', '1.577', '1.813', '1.027', '11.228', '9.023', '0.259', '10.286', '1.645', '1.136', '11.197', '10.743', '0.488', '9.599', '3.188', '4.918', '2.436', '10.740', '7.741']

Close toolkit for the input file "destabilizedWSO". EPANET Toolkit is unloaded.

